<?xml version="1.0" encoding="UTF-8"?>
<testsuites>
  <testsuite name="" tests="41" assertions="69" errors="0" warnings="0" failures="0" skipped="0" time="0.059125">
    <testsuite name="Project Test Suite" tests="41" assertions="69" errors="0" warnings="0" failures="0" skipped="0" time="0.059125">
      <testsuite name="App\CardGame\BankTest" file="/home/blajban/dbwebb-kurser/mvc/me/report/tests/CardGame/BankTest.php" tests="2" assertions="3" errors="0" warnings="0" failures="0" skipped="0" time="0.007434">
        <testcase name="testWillContinueHighScore" class="App\CardGame\BankTest" classname="App.CardGame.BankTest" file="/home/blajban/dbwebb-kurser/mvc/me/report/tests/CardGame/BankTest.php" line="16" assertions="2" time="0.006859"/>
        <testcase name="testWillContinueLowScore" class="App\CardGame\BankTest" classname="App.CardGame.BankTest" file="/home/blajban/dbwebb-kurser/mvc/me/report/tests/CardGame/BankTest.php" line="31" assertions="1" time="0.000575"/>
      </testsuite>
      <testsuite name="App\CardGame\CardGameTraitTest" file="/home/blajban/dbwebb-kurser/mvc/me/report/tests/CardGame/CardGameTraitTest.php" tests="3" assertions="6" errors="0" warnings="0" failures="0" skipped="0" time="0.017110">
        <testcase name="testGetDeck" class="App\CardGame\CardGameTraitTest" classname="App.CardGame.CardGameTraitTest" file="/home/blajban/dbwebb-kurser/mvc/me/report/tests/CardGame/CardGameTraitTest.php" line="28" assertions="2" time="0.014773"/>
        <testcase name="testGetJsonDeck" class="App\CardGame\CardGameTraitTest" classname="App.CardGame.CardGameTraitTest" file="/home/blajban/dbwebb-kurser/mvc/me/report/tests/CardGame/CardGameTraitTest.php" line="45" assertions="2" time="0.001715"/>
        <testcase name="testRemainingCards" class="App\CardGame\CardGameTraitTest" classname="App.CardGame.CardGameTraitTest" file="/home/blajban/dbwebb-kurser/mvc/me/report/tests/CardGame/CardGameTraitTest.php" line="74" assertions="2" time="0.000622"/>
      </testsuite>
      <testsuite name="App\CardGame\CardHandTraitTest" file="/home/blajban/dbwebb-kurser/mvc/me/report/tests/CardGame/CardHandTraitTest.php" tests="2" assertions="3" errors="0" warnings="0" failures="0" skipped="0" time="0.001194">
        <testcase name="testAddCard" class="App\CardGame\CardHandTraitTest" classname="App.CardGame.CardHandTraitTest" file="/home/blajban/dbwebb-kurser/mvc/me/report/tests/CardGame/CardHandTraitTest.php" line="16" assertions="1" time="0.000818"/>
        <testcase name="testDiscardHand" class="App\CardGame\CardHandTraitTest" classname="App.CardGame.CardHandTraitTest" file="/home/blajban/dbwebb-kurser/mvc/me/report/tests/CardGame/CardHandTraitTest.php" line="31" assertions="2" time="0.000377"/>
      </testsuite>
      <testsuite name="App\CardGame\CardTest" file="/home/blajban/dbwebb-kurser/mvc/me/report/tests/CardGame/CardTest.php" tests="12" assertions="20" errors="0" warnings="0" failures="0" skipped="0" time="0.003361">
        <testcase name="testConstructObjectNoJoker" class="App\CardGame\CardTest" classname="App.CardGame.CardTest" file="/home/blajban/dbwebb-kurser/mvc/me/report/tests/CardGame/CardTest.php" line="17" assertions="4" time="0.000293"/>
        <testcase name="testConstructObjectJoker" class="App\CardGame\CardTest" classname="App.CardGame.CardTest" file="/home/blajban/dbwebb-kurser/mvc/me/report/tests/CardGame/CardTest.php" line="40" assertions="1" time="0.000264"/>
        <testcase name="testAsStringNoJokerNoAce" class="App\CardGame\CardTest" classname="App.CardGame.CardTest" file="/home/blajban/dbwebb-kurser/mvc/me/report/tests/CardGame/CardTest.php" line="54" assertions="1" time="0.000273"/>
        <testcase name="testAsStringAce" class="App\CardGame\CardTest" classname="App.CardGame.CardTest" file="/home/blajban/dbwebb-kurser/mvc/me/report/tests/CardGame/CardTest.php" line="73" assertions="1" time="0.000273"/>
        <testcase name="testAsStringJoker" class="App\CardGame\CardTest" classname="App.CardGame.CardTest" file="/home/blajban/dbwebb-kurser/mvc/me/report/tests/CardGame/CardTest.php" line="93" assertions="1" time="0.000328"/>
        <testcase name="testIsJoker" class="App\CardGame\CardTest" classname="App.CardGame.CardTest" file="/home/blajban/dbwebb-kurser/mvc/me/report/tests/CardGame/CardTest.php" line="112" assertions="2" time="0.000290"/>
        <testcase name="testchangeJokerColorAndValue" class="App\CardGame\CardTest" classname="App.CardGame.CardTest" file="/home/blajban/dbwebb-kurser/mvc/me/report/tests/CardGame/CardTest.php" line="131" assertions="1" time="0.000268"/>
        <testcase name="testIsAceAndChangeAceValue" class="App\CardGame\CardTest" classname="App.CardGame.CardTest" file="/home/blajban/dbwebb-kurser/mvc/me/report/tests/CardGame/CardTest.php" line="151" assertions="5" time="0.000299"/>
        <testcase name="testGetValue" class="App\CardGame\CardTest" classname="App.CardGame.CardTest" file="/home/blajban/dbwebb-kurser/mvc/me/report/tests/CardGame/CardTest.php" line="187" assertions="1" time="0.000264"/>
        <testcase name="testGetCssColorNoJoker" class="App\CardGame\CardTest" classname="App.CardGame.CardTest" file="/home/blajban/dbwebb-kurser/mvc/me/report/tests/CardGame/CardTest.php" line="204" assertions="1" time="0.000267"/>
        <testcase name="testGetCssColorJoker" class="App\CardGame\CardTest" classname="App.CardGame.CardTest" file="/home/blajban/dbwebb-kurser/mvc/me/report/tests/CardGame/CardTest.php" line="221" assertions="1" time="0.000265"/>
        <testcase name="testToArray" class="App\CardGame\CardTest" classname="App.CardGame.CardTest" file="/home/blajban/dbwebb-kurser/mvc/me/report/tests/CardGame/CardTest.php" line="238" assertions="1" time="0.000277"/>
      </testsuite>
      <testsuite name="App\CardGame\DeckTest" file="/home/blajban/dbwebb-kurser/mvc/me/report/tests/CardGame/DeckTest.php" tests="8" assertions="18" errors="0" warnings="0" failures="0" skipped="0" time="0.014637">
        <testcase name="testConstructDeck" class="App\CardGame\DeckTest" classname="App.CardGame.DeckTest" file="/home/blajban/dbwebb-kurser/mvc/me/report/tests/CardGame/DeckTest.php" line="17" assertions="2" time="0.000385"/>
        <testcase name="testGetDeck" class="App\CardGame\DeckTest" classname="App.CardGame.DeckTest" file="/home/blajban/dbwebb-kurser/mvc/me/report/tests/CardGame/DeckTest.php" line="31" assertions="2" time="0.000788"/>
        <testcase name="testSortDeck" class="App\CardGame\DeckTest" classname="App.CardGame.DeckTest" file="/home/blajban/dbwebb-kurser/mvc/me/report/tests/CardGame/DeckTest.php" line="44" assertions="4" time="0.000869"/>
        <testcase name="testIsEmpty" class="App\CardGame\DeckTest" classname="App.CardGame.DeckTest" file="/home/blajban/dbwebb-kurser/mvc/me/report/tests/CardGame/DeckTest.php" line="69" assertions="2" time="0.000526"/>
        <testcase name="testRemainingCards" class="App\CardGame\DeckTest" classname="App.CardGame.DeckTest" file="/home/blajban/dbwebb-kurser/mvc/me/report/tests/CardGame/DeckTest.php" line="88" assertions="2" time="0.000421"/>
        <testcase name="testDrawCard" class="App\CardGame\DeckTest" classname="App.CardGame.DeckTest" file="/home/blajban/dbwebb-kurser/mvc/me/report/tests/CardGame/DeckTest.php" line="109" assertions="2" time="0.000387"/>
        <testcase name="testPeek" class="App\CardGame\DeckTest" classname="App.CardGame.DeckTest" file="/home/blajban/dbwebb-kurser/mvc/me/report/tests/CardGame/DeckTest.php" line="125" assertions="3" time="0.001173"/>
        <testcase name="testShuffle" class="App\CardGame\DeckTest" classname="App.CardGame.DeckTest" file="/home/blajban/dbwebb-kurser/mvc/me/report/tests/CardGame/DeckTest.php" line="148" assertions="1" time="0.010087"/>
      </testsuite>
      <testsuite name="App\CardGame\DeckWithJokersTest" file="/home/blajban/dbwebb-kurser/mvc/me/report/tests/CardGame/DeckWithJokersTest.php" tests="1" assertions="2" errors="0" warnings="0" failures="0" skipped="0" time="0.000623">
        <testcase name="testConstructDeck" class="App\CardGame\DeckWithJokersTest" classname="App.CardGame.DeckWithJokersTest" file="/home/blajban/dbwebb-kurser/mvc/me/report/tests/CardGame/DeckWithJokersTest.php" line="16" assertions="2" time="0.000623"/>
      </testsuite>
      <testsuite name="App\CardGame\GameTest" file="/home/blajban/dbwebb-kurser/mvc/me/report/tests/CardGame/GameTest.php" tests="12" assertions="15" errors="0" warnings="0" failures="0" skipped="0" time="0.014489">
        <testcase name="testConstructGameAndGetGameState" class="App\CardGame\GameTest" classname="App.CardGame.GameTest" file="/home/blajban/dbwebb-kurser/mvc/me/report/tests/CardGame/GameTest.php" line="20" assertions="1" time="0.000427"/>
        <testcase name="testGetGameStateJson" class="App\CardGame\GameTest" classname="App.CardGame.GameTest" file="/home/blajban/dbwebb-kurser/mvc/me/report/tests/CardGame/GameTest.php" line="48" assertions="1" time="0.000483"/>
        <testcase name="testShuffle" class="App\CardGame\GameTest" classname="App.CardGame.GameTest" file="/home/blajban/dbwebb-kurser/mvc/me/report/tests/CardGame/GameTest.php" line="66" assertions="1" time="0.008112"/>
        <testcase name="testIsFull" class="App\CardGame\GameTest" classname="App.CardGame.GameTest" file="/home/blajban/dbwebb-kurser/mvc/me/report/tests/CardGame/GameTest.php" line="83" assertions="2" time="0.000443"/>
        <testcase name="testPlayerDrawException" class="App\CardGame\GameTest" classname="App.CardGame.GameTest" file="/home/blajban/dbwebb-kurser/mvc/me/report/tests/CardGame/GameTest.php" line="113" assertions="2" time="0.000692"/>
        <testcase name="testPlayerDrawsCard" class="App\CardGame\GameTest" classname="App.CardGame.GameTest" file="/home/blajban/dbwebb-kurser/mvc/me/report/tests/CardGame/GameTest.php" line="131" assertions="1" time="0.001173"/>
        <testcase name="testBankDrawException" class="App\CardGame\GameTest" classname="App.CardGame.GameTest" file="/home/blajban/dbwebb-kurser/mvc/me/report/tests/CardGame/GameTest.php" line="151" assertions="2" time="0.000655"/>
        <testcase name="testBankDrawsCard" class="App\CardGame\GameTest" classname="App.CardGame.GameTest" file="/home/blajban/dbwebb-kurser/mvc/me/report/tests/CardGame/GameTest.php" line="169" assertions="1" time="0.000693"/>
        <testcase name="testDetermineWinnerPlayerOver21" class="App\CardGame\GameTest" classname="App.CardGame.GameTest" file="/home/blajban/dbwebb-kurser/mvc/me/report/tests/CardGame/GameTest.php" line="189" assertions="1" time="0.000457"/>
        <testcase name="testDetermineWinnerPlayerLessThan21BankOver21" class="App\CardGame\GameTest" classname="App.CardGame.GameTest" file="/home/blajban/dbwebb-kurser/mvc/me/report/tests/CardGame/GameTest.php" line="214" assertions="1" time="0.000451"/>
        <testcase name="testDetermineWinnerEqualScore" class="App\CardGame\GameTest" classname="App.CardGame.GameTest" file="/home/blajban/dbwebb-kurser/mvc/me/report/tests/CardGame/GameTest.php" line="241" assertions="1" time="0.000451"/>
        <testcase name="testDetermineWinnerPlayerHighestScore" class="App\CardGame\GameTest" classname="App.CardGame.GameTest" file="/home/blajban/dbwebb-kurser/mvc/me/report/tests/CardGame/GameTest.php" line="268" assertions="1" time="0.000451"/>
      </testsuite>
      <testsuite name="App\CardGame\PlayerTest" file="/home/blajban/dbwebb-kurser/mvc/me/report/tests/CardGame/PlayerTest.php" tests="1" assertions="2" errors="0" warnings="0" failures="0" skipped="0" time="0.000277">
        <testcase name="testConstructPlayer" class="App\CardGame\PlayerTest" classname="App.CardGame.PlayerTest" file="/home/blajban/dbwebb-kurser/mvc/me/report/tests/CardGame/PlayerTest.php" line="16" assertions="2" time="0.000277"/>
      </testsuite>
    </testsuite>
  </testsuite>
</testsuites>
