<?xml version="1.0" encoding="UTF-8"?>
<testsuites>
  <testsuite name="" tests="80" assertions="118" errors="0" warnings="0" failures="0" skipped="0" time="0.094820">
    <testsuite name="Project Test Suite" tests="80" assertions="118" errors="0" warnings="0" failures="0" skipped="0" time="0.094820">
      <testsuite name="App\CardGame\BankTest" file="/home/blajban/dbwebb-kurser/mvc/me/report/tests/CardGame/BankTest.php" tests="2" assertions="3" errors="0" warnings="0" failures="0" skipped="0" time="0.007820">
        <testcase name="testWillContinueHighScore" class="App\CardGame\BankTest" classname="App.CardGame.BankTest" file="/home/blajban/dbwebb-kurser/mvc/me/report/tests/CardGame/BankTest.php" line="16" assertions="2" time="0.007225"/>
        <testcase name="testWillContinueLowScore" class="App\CardGame\BankTest" classname="App.CardGame.BankTest" file="/home/blajban/dbwebb-kurser/mvc/me/report/tests/CardGame/BankTest.php" line="31" assertions="1" time="0.000595"/>
      </testsuite>
      <testsuite name="App\CardGame\CardGameTraitTest" file="/home/blajban/dbwebb-kurser/mvc/me/report/tests/CardGame/CardGameTraitTest.php" tests="3" assertions="6" errors="0" warnings="0" failures="0" skipped="0" time="0.017545">
        <testcase name="testGetDeck" class="App\CardGame\CardGameTraitTest" classname="App.CardGame.CardGameTraitTest" file="/home/blajban/dbwebb-kurser/mvc/me/report/tests/CardGame/CardGameTraitTest.php" line="28" assertions="2" time="0.015074"/>
        <testcase name="testGetJsonDeck" class="App\CardGame\CardGameTraitTest" classname="App.CardGame.CardGameTraitTest" file="/home/blajban/dbwebb-kurser/mvc/me/report/tests/CardGame/CardGameTraitTest.php" line="45" assertions="2" time="0.001852"/>
        <testcase name="testRemainingCards" class="App\CardGame\CardGameTraitTest" classname="App.CardGame.CardGameTraitTest" file="/home/blajban/dbwebb-kurser/mvc/me/report/tests/CardGame/CardGameTraitTest.php" line="74" assertions="2" time="0.000618"/>
      </testsuite>
      <testsuite name="App\CardGame\CardHandTraitTest" file="/home/blajban/dbwebb-kurser/mvc/me/report/tests/CardGame/CardHandTraitTest.php" tests="2" assertions="3" errors="0" warnings="0" failures="0" skipped="0" time="0.001267">
        <testcase name="testAddCard" class="App\CardGame\CardHandTraitTest" classname="App.CardGame.CardHandTraitTest" file="/home/blajban/dbwebb-kurser/mvc/me/report/tests/CardGame/CardHandTraitTest.php" line="16" assertions="1" time="0.000827"/>
        <testcase name="testDiscardHand" class="App\CardGame\CardHandTraitTest" classname="App.CardGame.CardHandTraitTest" file="/home/blajban/dbwebb-kurser/mvc/me/report/tests/CardGame/CardHandTraitTest.php" line="31" assertions="2" time="0.000440"/>
      </testsuite>
      <testsuite name="App\CardGame\CardTest" file="/home/blajban/dbwebb-kurser/mvc/me/report/tests/CardGame/CardTest.php" tests="12" assertions="20" errors="0" warnings="0" failures="0" skipped="0" time="0.003510">
        <testcase name="testConstructObjectNoJoker" class="App\CardGame\CardTest" classname="App.CardGame.CardTest" file="/home/blajban/dbwebb-kurser/mvc/me/report/tests/CardGame/CardTest.php" line="17" assertions="4" time="0.000308"/>
        <testcase name="testConstructObjectJoker" class="App\CardGame\CardTest" classname="App.CardGame.CardTest" file="/home/blajban/dbwebb-kurser/mvc/me/report/tests/CardGame/CardTest.php" line="40" assertions="1" time="0.000278"/>
        <testcase name="testAsStringNoJokerNoAce" class="App\CardGame\CardTest" classname="App.CardGame.CardTest" file="/home/blajban/dbwebb-kurser/mvc/me/report/tests/CardGame/CardTest.php" line="54" assertions="1" time="0.000288"/>
        <testcase name="testAsStringAce" class="App\CardGame\CardTest" classname="App.CardGame.CardTest" file="/home/blajban/dbwebb-kurser/mvc/me/report/tests/CardGame/CardTest.php" line="73" assertions="1" time="0.000290"/>
        <testcase name="testAsStringJoker" class="App\CardGame\CardTest" classname="App.CardGame.CardTest" file="/home/blajban/dbwebb-kurser/mvc/me/report/tests/CardGame/CardTest.php" line="93" assertions="1" time="0.000286"/>
        <testcase name="testIsJoker" class="App\CardGame\CardTest" classname="App.CardGame.CardTest" file="/home/blajban/dbwebb-kurser/mvc/me/report/tests/CardGame/CardTest.php" line="112" assertions="2" time="0.000288"/>
        <testcase name="testchangeJokerColorAndValue" class="App\CardGame\CardTest" classname="App.CardGame.CardTest" file="/home/blajban/dbwebb-kurser/mvc/me/report/tests/CardGame/CardTest.php" line="131" assertions="1" time="0.000282"/>
        <testcase name="testIsAceAndChangeAceValue" class="App\CardGame\CardTest" classname="App.CardGame.CardTest" file="/home/blajban/dbwebb-kurser/mvc/me/report/tests/CardGame/CardTest.php" line="151" assertions="5" time="0.000321"/>
        <testcase name="testGetValue" class="App\CardGame\CardTest" classname="App.CardGame.CardTest" file="/home/blajban/dbwebb-kurser/mvc/me/report/tests/CardGame/CardTest.php" line="187" assertions="1" time="0.000318"/>
        <testcase name="testGetCssColorNoJoker" class="App\CardGame\CardTest" classname="App.CardGame.CardTest" file="/home/blajban/dbwebb-kurser/mvc/me/report/tests/CardGame/CardTest.php" line="204" assertions="1" time="0.000281"/>
        <testcase name="testGetCssColorJoker" class="App\CardGame\CardTest" classname="App.CardGame.CardTest" file="/home/blajban/dbwebb-kurser/mvc/me/report/tests/CardGame/CardTest.php" line="221" assertions="1" time="0.000282"/>
        <testcase name="testToArray" class="App\CardGame\CardTest" classname="App.CardGame.CardTest" file="/home/blajban/dbwebb-kurser/mvc/me/report/tests/CardGame/CardTest.php" line="238" assertions="1" time="0.000288"/>
      </testsuite>
      <testsuite name="App\CardGame\DeckTest" file="/home/blajban/dbwebb-kurser/mvc/me/report/tests/CardGame/DeckTest.php" tests="8" assertions="18" errors="0" warnings="0" failures="0" skipped="0" time="0.015440">
        <testcase name="testConstructDeck" class="App\CardGame\DeckTest" classname="App.CardGame.DeckTest" file="/home/blajban/dbwebb-kurser/mvc/me/report/tests/CardGame/DeckTest.php" line="17" assertions="2" time="0.000404"/>
        <testcase name="testGetDeck" class="App\CardGame\DeckTest" classname="App.CardGame.DeckTest" file="/home/blajban/dbwebb-kurser/mvc/me/report/tests/CardGame/DeckTest.php" line="31" assertions="2" time="0.000840"/>
        <testcase name="testSortDeck" class="App\CardGame\DeckTest" classname="App.CardGame.DeckTest" file="/home/blajban/dbwebb-kurser/mvc/me/report/tests/CardGame/DeckTest.php" line="44" assertions="4" time="0.000895"/>
        <testcase name="testIsEmpty" class="App\CardGame\DeckTest" classname="App.CardGame.DeckTest" file="/home/blajban/dbwebb-kurser/mvc/me/report/tests/CardGame/DeckTest.php" line="69" assertions="2" time="0.000561"/>
        <testcase name="testRemainingCards" class="App\CardGame\DeckTest" classname="App.CardGame.DeckTest" file="/home/blajban/dbwebb-kurser/mvc/me/report/tests/CardGame/DeckTest.php" line="88" assertions="2" time="0.000410"/>
        <testcase name="testDrawCard" class="App\CardGame\DeckTest" classname="App.CardGame.DeckTest" file="/home/blajban/dbwebb-kurser/mvc/me/report/tests/CardGame/DeckTest.php" line="109" assertions="2" time="0.000411"/>
        <testcase name="testPeek" class="App\CardGame\DeckTest" classname="App.CardGame.DeckTest" file="/home/blajban/dbwebb-kurser/mvc/me/report/tests/CardGame/DeckTest.php" line="125" assertions="3" time="0.001245"/>
        <testcase name="testShuffle" class="App\CardGame\DeckTest" classname="App.CardGame.DeckTest" file="/home/blajban/dbwebb-kurser/mvc/me/report/tests/CardGame/DeckTest.php" line="148" assertions="1" time="0.010673"/>
      </testsuite>
      <testsuite name="App\CardGame\DeckWithJokersTest" file="/home/blajban/dbwebb-kurser/mvc/me/report/tests/CardGame/DeckWithJokersTest.php" tests="1" assertions="2" errors="0" warnings="0" failures="0" skipped="0" time="0.000663">
        <testcase name="testConstructDeck" class="App\CardGame\DeckWithJokersTest" classname="App.CardGame.DeckWithJokersTest" file="/home/blajban/dbwebb-kurser/mvc/me/report/tests/CardGame/DeckWithJokersTest.php" line="16" assertions="2" time="0.000663"/>
      </testsuite>
      <testsuite name="App\CardGame\GameTest" file="/home/blajban/dbwebb-kurser/mvc/me/report/tests/CardGame/GameTest.php" tests="12" assertions="15" errors="0" warnings="0" failures="0" skipped="0" time="0.015686">
        <testcase name="testConstructGameAndGetGameState" class="App\CardGame\GameTest" classname="App.CardGame.GameTest" file="/home/blajban/dbwebb-kurser/mvc/me/report/tests/CardGame/GameTest.php" line="20" assertions="1" time="0.000451"/>
        <testcase name="testGetGameStateJson" class="App\CardGame\GameTest" classname="App.CardGame.GameTest" file="/home/blajban/dbwebb-kurser/mvc/me/report/tests/CardGame/GameTest.php" line="48" assertions="1" time="0.000511"/>
        <testcase name="testShuffle" class="App\CardGame\GameTest" classname="App.CardGame.GameTest" file="/home/blajban/dbwebb-kurser/mvc/me/report/tests/CardGame/GameTest.php" line="66" assertions="1" time="0.008927"/>
        <testcase name="testIsFull" class="App\CardGame\GameTest" classname="App.CardGame.GameTest" file="/home/blajban/dbwebb-kurser/mvc/me/report/tests/CardGame/GameTest.php" line="83" assertions="2" time="0.000473"/>
        <testcase name="testPlayerDrawException" class="App\CardGame\GameTest" classname="App.CardGame.GameTest" file="/home/blajban/dbwebb-kurser/mvc/me/report/tests/CardGame/GameTest.php" line="113" assertions="2" time="0.000653"/>
        <testcase name="testPlayerDrawsCard" class="App\CardGame\GameTest" classname="App.CardGame.GameTest" file="/home/blajban/dbwebb-kurser/mvc/me/report/tests/CardGame/GameTest.php" line="131" assertions="1" time="0.001283"/>
        <testcase name="testBankDrawException" class="App\CardGame\GameTest" classname="App.CardGame.GameTest" file="/home/blajban/dbwebb-kurser/mvc/me/report/tests/CardGame/GameTest.php" line="151" assertions="2" time="0.000670"/>
        <testcase name="testBankDrawsCard" class="App\CardGame\GameTest" classname="App.CardGame.GameTest" file="/home/blajban/dbwebb-kurser/mvc/me/report/tests/CardGame/GameTest.php" line="169" assertions="1" time="0.000736"/>
        <testcase name="testDetermineWinnerPlayerOver21" class="App\CardGame\GameTest" classname="App.CardGame.GameTest" file="/home/blajban/dbwebb-kurser/mvc/me/report/tests/CardGame/GameTest.php" line="189" assertions="1" time="0.000552"/>
        <testcase name="testDetermineWinnerPlayerLessThan21BankOver21" class="App\CardGame\GameTest" classname="App.CardGame.GameTest" file="/home/blajban/dbwebb-kurser/mvc/me/report/tests/CardGame/GameTest.php" line="214" assertions="1" time="0.000477"/>
        <testcase name="testDetermineWinnerEqualScore" class="App\CardGame\GameTest" classname="App.CardGame.GameTest" file="/home/blajban/dbwebb-kurser/mvc/me/report/tests/CardGame/GameTest.php" line="241" assertions="1" time="0.000477"/>
        <testcase name="testDetermineWinnerPlayerHighestScore" class="App\CardGame\GameTest" classname="App.CardGame.GameTest" file="/home/blajban/dbwebb-kurser/mvc/me/report/tests/CardGame/GameTest.php" line="268" assertions="1" time="0.000476"/>
      </testsuite>
      <testsuite name="App\CardGame\PlayerTest" file="/home/blajban/dbwebb-kurser/mvc/me/report/tests/CardGame/PlayerTest.php" tests="1" assertions="2" errors="0" warnings="0" failures="0" skipped="0" time="0.000292">
        <testcase name="testConstructPlayer" class="App\CardGame\PlayerTest" classname="App.CardGame.PlayerTest" file="/home/blajban/dbwebb-kurser/mvc/me/report/tests/CardGame/PlayerTest.php" line="16" assertions="2" time="0.000292"/>
      </testsuite>
      <testsuite name="App\Proj\AdventureGameTest" file="/home/blajban/dbwebb-kurser/mvc/me/report/tests/Proj/AdventureGameTest.php" tests="10" assertions="12" errors="0" warnings="0" failures="0" skipped="0" time="0.015473">
        <testcase name="testConstructionAndState" class="App\Proj\AdventureGameTest" classname="App.Proj.AdventureGameTest" file="/home/blajban/dbwebb-kurser/mvc/me/report/tests/Proj/AdventureGameTest.php" line="52" assertions="3" time="0.004988"/>
        <testcase name="testMove" class="App\Proj\AdventureGameTest" classname="App.Proj.AdventureGameTest" file="/home/blajban/dbwebb-kurser/mvc/me/report/tests/Proj/AdventureGameTest.php" line="74" assertions="1" time="0.002047"/>
        <testcase name="testTakeItem" class="App\Proj\AdventureGameTest" classname="App.Proj.AdventureGameTest" file="/home/blajban/dbwebb-kurser/mvc/me/report/tests/Proj/AdventureGameTest.php" line="94" assertions="1" time="0.001833"/>
        <testcase name="testDropItem" class="App\Proj\AdventureGameTest" classname="App.Proj.AdventureGameTest" file="/home/blajban/dbwebb-kurser/mvc/me/report/tests/Proj/AdventureGameTest.php" line="122" assertions="1" time="0.000906"/>
        <testcase name="testPlayerWins" class="App\Proj\AdventureGameTest" classname="App.Proj.AdventureGameTest" file="/home/blajban/dbwebb-kurser/mvc/me/report/tests/Proj/AdventureGameTest.php" line="150" assertions="1" time="0.001465"/>
        <testcase name="testUpdateQuests" class="App\Proj\AdventureGameTest" classname="App.Proj.AdventureGameTest" file="/home/blajban/dbwebb-kurser/mvc/me/report/tests/Proj/AdventureGameTest.php" line="172" assertions="1" time="0.000691"/>
        <testcase name="testShowHint" class="App\Proj\AdventureGameTest" classname="App.Proj.AdventureGameTest" file="/home/blajban/dbwebb-kurser/mvc/me/report/tests/Proj/AdventureGameTest.php" line="192" assertions="1" time="0.001367"/>
        <testcase name="testShowHintWhenHinted" class="App\Proj\AdventureGameTest" classname="App.Proj.AdventureGameTest" file="/home/blajban/dbwebb-kurser/mvc/me/report/tests/Proj/AdventureGameTest.php" line="214" assertions="1" time="0.000747"/>
        <testcase name="testHideHint" class="App\Proj\AdventureGameTest" classname="App.Proj.AdventureGameTest" file="/home/blajban/dbwebb-kurser/mvc/me/report/tests/Proj/AdventureGameTest.php" line="236" assertions="1" time="0.000733"/>
        <testcase name="testSetDebugText" class="App\Proj\AdventureGameTest" classname="App.Proj.AdventureGameTest" file="/home/blajban/dbwebb-kurser/mvc/me/report/tests/Proj/AdventureGameTest.php" line="257" assertions="1" time="0.000697"/>
      </testsuite>
      <testsuite name="App\Proj\ItemDistributorTest" file="/home/blajban/dbwebb-kurser/mvc/me/report/tests/Proj/ItemDistributorTest.php" tests="2" assertions="2" errors="0" warnings="0" failures="0" skipped="0" time="0.001164">
        <testcase name="testConstruction" class="App\Proj\ItemDistributorTest" classname="App.Proj.ItemDistributorTest" file="/home/blajban/dbwebb-kurser/mvc/me/report/tests/Proj/ItemDistributorTest.php" line="16" assertions="1" time="0.000496"/>
        <testcase name="testDistributeItems" class="App\Proj\ItemDistributorTest" classname="App.Proj.ItemDistributorTest" file="/home/blajban/dbwebb-kurser/mvc/me/report/tests/Proj/ItemDistributorTest.php" line="28" assertions="1" time="0.000668"/>
      </testsuite>
      <testsuite name="App\Proj\MapTest" file="/home/blajban/dbwebb-kurser/mvc/me/report/tests/Proj/MapTest.php" tests="5" assertions="5" errors="0" warnings="0" failures="0" skipped="0" time="0.003700">
        <testcase name="testConstructionAndGetRooms" class="App\Proj\MapTest" classname="App.Proj.MapTest" file="/home/blajban/dbwebb-kurser/mvc/me/report/tests/Proj/MapTest.php" line="16" assertions="1" time="0.000497"/>
        <testcase name="testGetCurrentRoom" class="App\Proj\MapTest" classname="App.Proj.MapTest" file="/home/blajban/dbwebb-kurser/mvc/me/report/tests/Proj/MapTest.php" line="28" assertions="1" time="0.000509"/>
        <testcase name="testMove" class="App\Proj\MapTest" classname="App.Proj.MapTest" file="/home/blajban/dbwebb-kurser/mvc/me/report/tests/Proj/MapTest.php" line="41" assertions="1" time="0.000601"/>
        <testcase name="testGetRooms" class="App\Proj\MapTest" classname="App.Proj.MapTest" file="/home/blajban/dbwebb-kurser/mvc/me/report/tests/Proj/MapTest.php" line="69" assertions="1" time="0.000493"/>
        <testcase name="testGetGrid" class="App\Proj\MapTest" classname="App.Proj.MapTest" file="/home/blajban/dbwebb-kurser/mvc/me/report/tests/Proj/MapTest.php" line="83" assertions="1" time="0.001600"/>
      </testsuite>
      <testsuite name="App\Proj\PlayerTest" file="/home/blajban/dbwebb-kurser/mvc/me/report/tests/Proj/PlayerTest.php" tests="4" assertions="5" errors="0" warnings="0" failures="0" skipped="0" time="0.001807">
        <testcase name="testConstructPlayer" class="App\Proj\PlayerTest" classname="App.Proj.PlayerTest" file="/home/blajban/dbwebb-kurser/mvc/me/report/tests/Proj/PlayerTest.php" line="13" assertions="2" time="0.000279"/>
        <testcase name="testAddToInventoryAndGetInventory" class="App\Proj\PlayerTest" classname="App.Proj.PlayerTest" file="/home/blajban/dbwebb-kurser/mvc/me/report/tests/Proj/PlayerTest.php" line="23" assertions="1" time="0.000450"/>
        <testcase name="testDropFromInventory" class="App\Proj\PlayerTest" classname="App.Proj.PlayerTest" file="/home/blajban/dbwebb-kurser/mvc/me/report/tests/Proj/PlayerTest.php" line="36" assertions="1" time="0.000501"/>
        <testcase name="testDropFromInentoryIfIdDontExist" class="App\Proj\PlayerTest" classname="App.Proj.PlayerTest" file="/home/blajban/dbwebb-kurser/mvc/me/report/tests/Proj/PlayerTest.php" line="50" assertions="1" time="0.000577"/>
      </testsuite>
      <testsuite name="App\Proj\QuestHandlerTest" file="/home/blajban/dbwebb-kurser/mvc/me/report/tests/Proj/QuestHandlerTest.php" tests="9" assertions="10" errors="0" warnings="0" failures="0" skipped="0" time="0.006556">
        <testcase name="testGenerateQuests" class="App\Proj\QuestHandlerTest" classname="App.Proj.QuestHandlerTest" file="/home/blajban/dbwebb-kurser/mvc/me/report/tests/Proj/QuestHandlerTest.php" line="30" assertions="1" time="0.000700"/>
        <testcase name="testGenerateQuestsIfNumberOfQuestsTooHigh" class="App\Proj\QuestHandlerTest" classname="App.Proj.QuestHandlerTest" file="/home/blajban/dbwebb-kurser/mvc/me/report/tests/Proj/QuestHandlerTest.php" line="54" assertions="1" time="0.000749"/>
        <testcase name="testGenerateQuestsWhenRoomContainsItem" class="App\Proj\QuestHandlerTest" classname="App.Proj.QuestHandlerTest" file="/home/blajban/dbwebb-kurser/mvc/me/report/tests/Proj/QuestHandlerTest.php" line="78" assertions="1" time="0.001407"/>
        <testcase name="testShowHintIfNotNull" class="App\Proj\QuestHandlerTest" classname="App.Proj.QuestHandlerTest" file="/home/blajban/dbwebb-kurser/mvc/me/report/tests/Proj/QuestHandlerTest.php" line="108" assertions="1" time="0.000553"/>
        <testcase name="testShowHintIfNull" class="App\Proj\QuestHandlerTest" classname="App.Proj.QuestHandlerTest" file="/home/blajban/dbwebb-kurser/mvc/me/report/tests/Proj/QuestHandlerTest.php" line="130" assertions="1" time="0.000268"/>
        <testcase name="testHideHint" class="App\Proj\QuestHandlerTest" classname="App.Proj.QuestHandlerTest" file="/home/blajban/dbwebb-kurser/mvc/me/report/tests/Proj/QuestHandlerTest.php" line="139" assertions="1" time="0.000542"/>
        <testcase name="testUpdateQuestCompletion" class="App\Proj\QuestHandlerTest" classname="App.Proj.QuestHandlerTest" file="/home/blajban/dbwebb-kurser/mvc/me/report/tests/Proj/QuestHandlerTest.php" line="161" assertions="2" time="0.001335"/>
        <testcase name="testAllQuestsCompleted" class="App\Proj\QuestHandlerTest" classname="App.Proj.QuestHandlerTest" file="/home/blajban/dbwebb-kurser/mvc/me/report/tests/Proj/QuestHandlerTest.php" line="187" assertions="1" time="0.000578"/>
        <testcase name="testAllQuestsCompletedFalse" class="App\Proj\QuestHandlerTest" classname="App.Proj.QuestHandlerTest" file="/home/blajban/dbwebb-kurser/mvc/me/report/tests/Proj/QuestHandlerTest.php" line="200" assertions="1" time="0.000423"/>
      </testsuite>
      <testsuite name="App\Proj\QuestTest" file="/home/blajban/dbwebb-kurser/mvc/me/report/tests/Proj/QuestTest.php" tests="3" assertions="9" errors="0" warnings="0" failures="0" skipped="0" time="0.001449">
        <testcase name="testConstructQuestAndGetters" class="App\Proj\QuestTest" classname="App.Proj.QuestTest" file="/home/blajban/dbwebb-kurser/mvc/me/report/tests/Proj/QuestTest.php" line="15" assertions="4" time="0.000581"/>
        <testcase name="testCompleteQuest" class="App\Proj\QuestTest" classname="App.Proj.QuestTest" file="/home/blajban/dbwebb-kurser/mvc/me/report/tests/Proj/QuestTest.php" line="39" assertions="2" time="0.000429"/>
        <testcase name="testShowHideHint" class="App\Proj\QuestTest" classname="App.Proj.QuestTest" file="/home/blajban/dbwebb-kurser/mvc/me/report/tests/Proj/QuestTest.php" line="55" assertions="3" time="0.000439"/>
      </testsuite>
      <testsuite name="App\Proj\RoomTraitTest" file="/home/blajban/dbwebb-kurser/mvc/me/report/tests/Proj/RoomTraitTest.php" tests="6" assertions="6" errors="0" warnings="0" failures="0" skipped="0" time="0.002447">
        <testcase name="testAddDoorAndGetDoors" class="App\Proj\RoomTraitTest" classname="App.Proj.RoomTraitTest" file="/home/blajban/dbwebb-kurser/mvc/me/report/tests/Proj/RoomTraitTest.php" line="15" assertions="1" time="0.000376"/>
        <testcase name="testAddItemAndGetItems" class="App\Proj\RoomTraitTest" classname="App.Proj.RoomTraitTest" file="/home/blajban/dbwebb-kurser/mvc/me/report/tests/Proj/RoomTraitTest.php" line="33" assertions="1" time="0.000484"/>
        <testcase name="testTakeItem" class="App\Proj\RoomTraitTest" classname="App.Proj.RoomTraitTest" file="/home/blajban/dbwebb-kurser/mvc/me/report/tests/Proj/RoomTraitTest.php" line="45" assertions="1" time="0.000442"/>
        <testcase name="testTakeItemIfNull" class="App\Proj\RoomTraitTest" classname="App.Proj.RoomTraitTest" file="/home/blajban/dbwebb-kurser/mvc/me/report/tests/Proj/RoomTraitTest.php" line="57" assertions="1" time="0.000268"/>
        <testcase name="testContainsItemIfTrue" class="App\Proj\RoomTraitTest" classname="App.Proj.RoomTraitTest" file="/home/blajban/dbwebb-kurser/mvc/me/report/tests/Proj/RoomTraitTest.php" line="65" assertions="1" time="0.000457"/>
        <testcase name="testContainsItemIfFalse" class="App\Proj\RoomTraitTest" classname="App.Proj.RoomTraitTest" file="/home/blajban/dbwebb-kurser/mvc/me/report/tests/Proj/RoomTraitTest.php" line="77" assertions="1" time="0.000421"/>
      </testsuite>
    </testsuite>
  </testsuite>
</testsuites>
