<?xml version="1.0" encoding="UTF-8"?>
<testsuites>
  <testsuite name="" tests="68" assertions="104" errors="0" warnings="0" failures="0" skipped="0" time="0.082916">
    <testsuite name="Project Test Suite" tests="68" assertions="104" errors="0" warnings="0" failures="0" skipped="0" time="0.082916">
      <testsuite name="App\CardGame\BankTest" file="/home/blajban/dbwebb-kurser/mvc/me/report/tests/CardGame/BankTest.php" tests="2" assertions="3" errors="0" warnings="0" failures="0" skipped="0" time="0.007422">
        <testcase name="testWillContinueHighScore" class="App\CardGame\BankTest" classname="App.CardGame.BankTest" file="/home/blajban/dbwebb-kurser/mvc/me/report/tests/CardGame/BankTest.php" line="16" assertions="2" time="0.006820"/>
        <testcase name="testWillContinueLowScore" class="App\CardGame\BankTest" classname="App.CardGame.BankTest" file="/home/blajban/dbwebb-kurser/mvc/me/report/tests/CardGame/BankTest.php" line="31" assertions="1" time="0.000602"/>
      </testsuite>
      <testsuite name="App\CardGame\CardGameTraitTest" file="/home/blajban/dbwebb-kurser/mvc/me/report/tests/CardGame/CardGameTraitTest.php" tests="3" assertions="6" errors="0" warnings="0" failures="0" skipped="0" time="0.017000">
        <testcase name="testGetDeck" class="App\CardGame\CardGameTraitTest" classname="App.CardGame.CardGameTraitTest" file="/home/blajban/dbwebb-kurser/mvc/me/report/tests/CardGame/CardGameTraitTest.php" line="28" assertions="2" time="0.014655"/>
        <testcase name="testGetJsonDeck" class="App\CardGame\CardGameTraitTest" classname="App.CardGame.CardGameTraitTest" file="/home/blajban/dbwebb-kurser/mvc/me/report/tests/CardGame/CardGameTraitTest.php" line="45" assertions="2" time="0.001730"/>
        <testcase name="testRemainingCards" class="App\CardGame\CardGameTraitTest" classname="App.CardGame.CardGameTraitTest" file="/home/blajban/dbwebb-kurser/mvc/me/report/tests/CardGame/CardGameTraitTest.php" line="74" assertions="2" time="0.000615"/>
      </testsuite>
      <testsuite name="App\CardGame\CardHandTraitTest" file="/home/blajban/dbwebb-kurser/mvc/me/report/tests/CardGame/CardHandTraitTest.php" tests="2" assertions="3" errors="0" warnings="0" failures="0" skipped="0" time="0.001229">
        <testcase name="testAddCard" class="App\CardGame\CardHandTraitTest" classname="App.CardGame.CardHandTraitTest" file="/home/blajban/dbwebb-kurser/mvc/me/report/tests/CardGame/CardHandTraitTest.php" line="16" assertions="1" time="0.000784"/>
        <testcase name="testDiscardHand" class="App\CardGame\CardHandTraitTest" classname="App.CardGame.CardHandTraitTest" file="/home/blajban/dbwebb-kurser/mvc/me/report/tests/CardGame/CardHandTraitTest.php" line="31" assertions="2" time="0.000445"/>
      </testsuite>
      <testsuite name="App\CardGame\CardTest" file="/home/blajban/dbwebb-kurser/mvc/me/report/tests/CardGame/CardTest.php" tests="12" assertions="20" errors="0" warnings="0" failures="0" skipped="0" time="0.003369">
        <testcase name="testConstructObjectNoJoker" class="App\CardGame\CardTest" classname="App.CardGame.CardTest" file="/home/blajban/dbwebb-kurser/mvc/me/report/tests/CardGame/CardTest.php" line="17" assertions="4" time="0.000323"/>
        <testcase name="testConstructObjectJoker" class="App\CardGame\CardTest" classname="App.CardGame.CardTest" file="/home/blajban/dbwebb-kurser/mvc/me/report/tests/CardGame/CardTest.php" line="40" assertions="1" time="0.000265"/>
        <testcase name="testAsStringNoJokerNoAce" class="App\CardGame\CardTest" classname="App.CardGame.CardTest" file="/home/blajban/dbwebb-kurser/mvc/me/report/tests/CardGame/CardTest.php" line="54" assertions="1" time="0.000273"/>
        <testcase name="testAsStringAce" class="App\CardGame\CardTest" classname="App.CardGame.CardTest" file="/home/blajban/dbwebb-kurser/mvc/me/report/tests/CardGame/CardTest.php" line="73" assertions="1" time="0.000274"/>
        <testcase name="testAsStringJoker" class="App\CardGame\CardTest" classname="App.CardGame.CardTest" file="/home/blajban/dbwebb-kurser/mvc/me/report/tests/CardGame/CardTest.php" line="93" assertions="1" time="0.000271"/>
        <testcase name="testIsJoker" class="App\CardGame\CardTest" classname="App.CardGame.CardTest" file="/home/blajban/dbwebb-kurser/mvc/me/report/tests/CardGame/CardTest.php" line="112" assertions="2" time="0.000273"/>
        <testcase name="testchangeJokerColorAndValue" class="App\CardGame\CardTest" classname="App.CardGame.CardTest" file="/home/blajban/dbwebb-kurser/mvc/me/report/tests/CardGame/CardTest.php" line="131" assertions="1" time="0.000267"/>
        <testcase name="testIsAceAndChangeAceValue" class="App\CardGame\CardTest" classname="App.CardGame.CardTest" file="/home/blajban/dbwebb-kurser/mvc/me/report/tests/CardGame/CardTest.php" line="151" assertions="5" time="0.000300"/>
        <testcase name="testGetValue" class="App\CardGame\CardTest" classname="App.CardGame.CardTest" file="/home/blajban/dbwebb-kurser/mvc/me/report/tests/CardGame/CardTest.php" line="187" assertions="1" time="0.000288"/>
        <testcase name="testGetCssColorNoJoker" class="App\CardGame\CardTest" classname="App.CardGame.CardTest" file="/home/blajban/dbwebb-kurser/mvc/me/report/tests/CardGame/CardTest.php" line="204" assertions="1" time="0.000265"/>
        <testcase name="testGetCssColorJoker" class="App\CardGame\CardTest" classname="App.CardGame.CardTest" file="/home/blajban/dbwebb-kurser/mvc/me/report/tests/CardGame/CardTest.php" line="221" assertions="1" time="0.000266"/>
        <testcase name="testToArray" class="App\CardGame\CardTest" classname="App.CardGame.CardTest" file="/home/blajban/dbwebb-kurser/mvc/me/report/tests/CardGame/CardTest.php" line="238" assertions="1" time="0.000305"/>
      </testsuite>
      <testsuite name="App\CardGame\DeckTest" file="/home/blajban/dbwebb-kurser/mvc/me/report/tests/CardGame/DeckTest.php" tests="8" assertions="18" errors="0" warnings="0" failures="0" skipped="0" time="0.014888">
        <testcase name="testConstructDeck" class="App\CardGame\DeckTest" classname="App.CardGame.DeckTest" file="/home/blajban/dbwebb-kurser/mvc/me/report/tests/CardGame/DeckTest.php" line="17" assertions="2" time="0.000384"/>
        <testcase name="testGetDeck" class="App\CardGame\DeckTest" classname="App.CardGame.DeckTest" file="/home/blajban/dbwebb-kurser/mvc/me/report/tests/CardGame/DeckTest.php" line="31" assertions="2" time="0.000789"/>
        <testcase name="testSortDeck" class="App\CardGame\DeckTest" classname="App.CardGame.DeckTest" file="/home/blajban/dbwebb-kurser/mvc/me/report/tests/CardGame/DeckTest.php" line="44" assertions="4" time="0.000841"/>
        <testcase name="testIsEmpty" class="App\CardGame\DeckTest" classname="App.CardGame.DeckTest" file="/home/blajban/dbwebb-kurser/mvc/me/report/tests/CardGame/DeckTest.php" line="69" assertions="2" time="0.000527"/>
        <testcase name="testRemainingCards" class="App\CardGame\DeckTest" classname="App.CardGame.DeckTest" file="/home/blajban/dbwebb-kurser/mvc/me/report/tests/CardGame/DeckTest.php" line="88" assertions="2" time="0.000389"/>
        <testcase name="testDrawCard" class="App\CardGame\DeckTest" classname="App.CardGame.DeckTest" file="/home/blajban/dbwebb-kurser/mvc/me/report/tests/CardGame/DeckTest.php" line="109" assertions="2" time="0.000386"/>
        <testcase name="testPeek" class="App\CardGame\DeckTest" classname="App.CardGame.DeckTest" file="/home/blajban/dbwebb-kurser/mvc/me/report/tests/CardGame/DeckTest.php" line="125" assertions="3" time="0.001170"/>
        <testcase name="testShuffle" class="App\CardGame\DeckTest" classname="App.CardGame.DeckTest" file="/home/blajban/dbwebb-kurser/mvc/me/report/tests/CardGame/DeckTest.php" line="148" assertions="1" time="0.010401"/>
      </testsuite>
      <testsuite name="App\CardGame\DeckWithJokersTest" file="/home/blajban/dbwebb-kurser/mvc/me/report/tests/CardGame/DeckWithJokersTest.php" tests="1" assertions="2" errors="0" warnings="0" failures="0" skipped="0" time="0.000690">
        <testcase name="testConstructDeck" class="App\CardGame\DeckWithJokersTest" classname="App.CardGame.DeckWithJokersTest" file="/home/blajban/dbwebb-kurser/mvc/me/report/tests/CardGame/DeckWithJokersTest.php" line="16" assertions="2" time="0.000690"/>
      </testsuite>
      <testsuite name="App\CardGame\GameTest" file="/home/blajban/dbwebb-kurser/mvc/me/report/tests/CardGame/GameTest.php" tests="12" assertions="15" errors="0" warnings="0" failures="0" skipped="0" time="0.014864">
        <testcase name="testConstructGameAndGetGameState" class="App\CardGame\GameTest" classname="App.CardGame.GameTest" file="/home/blajban/dbwebb-kurser/mvc/me/report/tests/CardGame/GameTest.php" line="20" assertions="1" time="0.000468"/>
        <testcase name="testGetGameStateJson" class="App\CardGame\GameTest" classname="App.CardGame.GameTest" file="/home/blajban/dbwebb-kurser/mvc/me/report/tests/CardGame/GameTest.php" line="48" assertions="1" time="0.000479"/>
        <testcase name="testShuffle" class="App\CardGame\GameTest" classname="App.CardGame.GameTest" file="/home/blajban/dbwebb-kurser/mvc/me/report/tests/CardGame/GameTest.php" line="66" assertions="1" time="0.008295"/>
        <testcase name="testIsFull" class="App\CardGame\GameTest" classname="App.CardGame.GameTest" file="/home/blajban/dbwebb-kurser/mvc/me/report/tests/CardGame/GameTest.php" line="83" assertions="2" time="0.000446"/>
        <testcase name="testPlayerDrawException" class="App\CardGame\GameTest" classname="App.CardGame.GameTest" file="/home/blajban/dbwebb-kurser/mvc/me/report/tests/CardGame/GameTest.php" line="113" assertions="2" time="0.000615"/>
        <testcase name="testPlayerDrawsCard" class="App\CardGame\GameTest" classname="App.CardGame.GameTest" file="/home/blajban/dbwebb-kurser/mvc/me/report/tests/CardGame/GameTest.php" line="131" assertions="1" time="0.001175"/>
        <testcase name="testBankDrawException" class="App\CardGame\GameTest" classname="App.CardGame.GameTest" file="/home/blajban/dbwebb-kurser/mvc/me/report/tests/CardGame/GameTest.php" line="151" assertions="2" time="0.000692"/>
        <testcase name="testBankDrawsCard" class="App\CardGame\GameTest" classname="App.CardGame.GameTest" file="/home/blajban/dbwebb-kurser/mvc/me/report/tests/CardGame/GameTest.php" line="169" assertions="1" time="0.000693"/>
        <testcase name="testDetermineWinnerPlayerOver21" class="App\CardGame\GameTest" classname="App.CardGame.GameTest" file="/home/blajban/dbwebb-kurser/mvc/me/report/tests/CardGame/GameTest.php" line="189" assertions="1" time="0.000450"/>
        <testcase name="testDetermineWinnerPlayerLessThan21BankOver21" class="App\CardGame\GameTest" classname="App.CardGame.GameTest" file="/home/blajban/dbwebb-kurser/mvc/me/report/tests/CardGame/GameTest.php" line="214" assertions="1" time="0.000543"/>
        <testcase name="testDetermineWinnerEqualScore" class="App\CardGame\GameTest" classname="App.CardGame.GameTest" file="/home/blajban/dbwebb-kurser/mvc/me/report/tests/CardGame/GameTest.php" line="241" assertions="1" time="0.000472"/>
        <testcase name="testDetermineWinnerPlayerHighestScore" class="App\CardGame\GameTest" classname="App.CardGame.GameTest" file="/home/blajban/dbwebb-kurser/mvc/me/report/tests/CardGame/GameTest.php" line="268" assertions="1" time="0.000538"/>
      </testsuite>
      <testsuite name="App\CardGame\PlayerTest" file="/home/blajban/dbwebb-kurser/mvc/me/report/tests/CardGame/PlayerTest.php" tests="1" assertions="2" errors="0" warnings="0" failures="0" skipped="0" time="0.000341">
        <testcase name="testConstructPlayer" class="App\CardGame\PlayerTest" classname="App.CardGame.PlayerTest" file="/home/blajban/dbwebb-kurser/mvc/me/report/tests/CardGame/PlayerTest.php" line="16" assertions="2" time="0.000341"/>
      </testsuite>
      <testsuite name="App\Proj\ItemDistributorTest" file="/home/blajban/dbwebb-kurser/mvc/me/report/tests/Proj/ItemDistributorTest.php" tests="2" assertions="2" errors="0" warnings="0" failures="0" skipped="0" time="0.003398">
        <testcase name="testConstruction" class="App\Proj\ItemDistributorTest" classname="App.Proj.ItemDistributorTest" file="/home/blajban/dbwebb-kurser/mvc/me/report/tests/Proj/ItemDistributorTest.php" line="17" assertions="1" time="0.001316"/>
        <testcase name="testDistributeItems" class="App\Proj\ItemDistributorTest" classname="App.Proj.ItemDistributorTest" file="/home/blajban/dbwebb-kurser/mvc/me/report/tests/Proj/ItemDistributorTest.php" line="29" assertions="1" time="0.002082"/>
      </testsuite>
      <testsuite name="App\Proj\MapTest" file="/home/blajban/dbwebb-kurser/mvc/me/report/tests/Proj/MapTest.php" tests="5" assertions="5" errors="0" warnings="0" failures="0" skipped="0" time="0.008205">
        <testcase name="testConstructionAndGetRooms" class="App\Proj\MapTest" classname="App.Proj.MapTest" file="/home/blajban/dbwebb-kurser/mvc/me/report/tests/Proj/MapTest.php" line="17" assertions="1" time="0.004557"/>
        <testcase name="testGetCurrentRoom" class="App\Proj\MapTest" classname="App.Proj.MapTest" file="/home/blajban/dbwebb-kurser/mvc/me/report/tests/Proj/MapTest.php" line="29" assertions="1" time="0.000660"/>
        <testcase name="testMove" class="App\Proj\MapTest" classname="App.Proj.MapTest" file="/home/blajban/dbwebb-kurser/mvc/me/report/tests/Proj/MapTest.php" line="42" assertions="1" time="0.000867"/>
        <testcase name="testGetRooms" class="App\Proj\MapTest" classname="App.Proj.MapTest" file="/home/blajban/dbwebb-kurser/mvc/me/report/tests/Proj/MapTest.php" line="67" assertions="1" time="0.000747"/>
        <testcase name="testGetGrid" class="App\Proj\MapTest" classname="App.Proj.MapTest" file="/home/blajban/dbwebb-kurser/mvc/me/report/tests/Proj/MapTest.php" line="81" assertions="1" time="0.001374"/>
      </testsuite>
      <testsuite name="App\Proj\PlayerTest" file="/home/blajban/dbwebb-kurser/mvc/me/report/tests/Proj/PlayerTest.php" tests="4" assertions="5" errors="0" warnings="0" failures="0" skipped="0" time="0.002195">
        <testcase name="testConstructPlayer" class="App\Proj\PlayerTest" classname="App.Proj.PlayerTest" file="/home/blajban/dbwebb-kurser/mvc/me/report/tests/Proj/PlayerTest.php" line="13" assertions="2" time="0.000708"/>
        <testcase name="testAddToInventoryAndGetInventory" class="App\Proj\PlayerTest" classname="App.Proj.PlayerTest" file="/home/blajban/dbwebb-kurser/mvc/me/report/tests/Proj/PlayerTest.php" line="23" assertions="1" time="0.000459"/>
        <testcase name="testDropFromInventory" class="App\Proj\PlayerTest" classname="App.Proj.PlayerTest" file="/home/blajban/dbwebb-kurser/mvc/me/report/tests/Proj/PlayerTest.php" line="36" assertions="1" time="0.000446"/>
        <testcase name="testDropFromInentoryIfIdDontExist" class="App\Proj\PlayerTest" classname="App.Proj.PlayerTest" file="/home/blajban/dbwebb-kurser/mvc/me/report/tests/Proj/PlayerTest.php" line="50" assertions="1" time="0.000583"/>
      </testsuite>
      <testsuite name="App\Proj\QuestHandlerTest" file="/home/blajban/dbwebb-kurser/mvc/me/report/tests/Proj/QuestHandlerTest.php" tests="7" assertions="8" errors="0" warnings="0" failures="0" skipped="0" time="0.005351">
        <testcase name="testGenerateQuests" class="App\Proj\QuestHandlerTest" classname="App.Proj.QuestHandlerTest" file="/home/blajban/dbwebb-kurser/mvc/me/report/tests/Proj/QuestHandlerTest.php" line="29" assertions="1" time="0.001036"/>
        <testcase name="testGenerateQuestsException" class="App\Proj\QuestHandlerTest" classname="App.Proj.QuestHandlerTest" file="/home/blajban/dbwebb-kurser/mvc/me/report/tests/Proj/QuestHandlerTest.php" line="53" assertions="1" time="0.000517"/>
        <testcase name="testShowHintIfNotNull" class="App\Proj\QuestHandlerTest" classname="App.Proj.QuestHandlerTest" file="/home/blajban/dbwebb-kurser/mvc/me/report/tests/Proj/QuestHandlerTest.php" line="71" assertions="1" time="0.000527"/>
        <testcase name="testShowHintIfNull" class="App\Proj\QuestHandlerTest" classname="App.Proj.QuestHandlerTest" file="/home/blajban/dbwebb-kurser/mvc/me/report/tests/Proj/QuestHandlerTest.php" line="93" assertions="1" time="0.000270"/>
        <testcase name="testUpdateQuestCompletion" class="App\Proj\QuestHandlerTest" classname="App.Proj.QuestHandlerTest" file="/home/blajban/dbwebb-kurser/mvc/me/report/tests/Proj/QuestHandlerTest.php" line="102" assertions="2" time="0.001318"/>
        <testcase name="testAllQuestsCompleted" class="App\Proj\QuestHandlerTest" classname="App.Proj.QuestHandlerTest" file="/home/blajban/dbwebb-kurser/mvc/me/report/tests/Proj/QuestHandlerTest.php" line="128" assertions="1" time="0.000963"/>
        <testcase name="testAllQuestsCompletedFalse" class="App\Proj\QuestHandlerTest" classname="App.Proj.QuestHandlerTest" file="/home/blajban/dbwebb-kurser/mvc/me/report/tests/Proj/QuestHandlerTest.php" line="144" assertions="1" time="0.000718"/>
      </testsuite>
      <testsuite name="App\Proj\QuestTest" file="/home/blajban/dbwebb-kurser/mvc/me/report/tests/Proj/QuestTest.php" tests="3" assertions="9" errors="0" warnings="0" failures="0" skipped="0" time="0.001457">
        <testcase name="testConstructQuestAndGetters" class="App\Proj\QuestTest" classname="App.Proj.QuestTest" file="/home/blajban/dbwebb-kurser/mvc/me/report/tests/Proj/QuestTest.php" line="15" assertions="4" time="0.000581"/>
        <testcase name="testCompleteQuest" class="App\Proj\QuestTest" classname="App.Proj.QuestTest" file="/home/blajban/dbwebb-kurser/mvc/me/report/tests/Proj/QuestTest.php" line="39" assertions="2" time="0.000434"/>
        <testcase name="testShowHideHint" class="App\Proj\QuestTest" classname="App.Proj.QuestTest" file="/home/blajban/dbwebb-kurser/mvc/me/report/tests/Proj/QuestTest.php" line="55" assertions="3" time="0.000441"/>
      </testsuite>
      <testsuite name="App\Proj\RoomTraitTest" file="/home/blajban/dbwebb-kurser/mvc/me/report/tests/Proj/RoomTraitTest.php" tests="6" assertions="6" errors="0" warnings="0" failures="0" skipped="0" time="0.002509">
        <testcase name="testAddDoorAndGetDoors" class="App\Proj\RoomTraitTest" classname="App.Proj.RoomTraitTest" file="/home/blajban/dbwebb-kurser/mvc/me/report/tests/Proj/RoomTraitTest.php" line="15" assertions="1" time="0.000463"/>
        <testcase name="testAddItemAndGetItems" class="App\Proj\RoomTraitTest" classname="App.Proj.RoomTraitTest" file="/home/blajban/dbwebb-kurser/mvc/me/report/tests/Proj/RoomTraitTest.php" line="33" assertions="1" time="0.000447"/>
        <testcase name="testTakeItem" class="App\Proj\RoomTraitTest" classname="App.Proj.RoomTraitTest" file="/home/blajban/dbwebb-kurser/mvc/me/report/tests/Proj/RoomTraitTest.php" line="45" assertions="1" time="0.000452"/>
        <testcase name="testTakeItemIfNull" class="App\Proj\RoomTraitTest" classname="App.Proj.RoomTraitTest" file="/home/blajban/dbwebb-kurser/mvc/me/report/tests/Proj/RoomTraitTest.php" line="57" assertions="1" time="0.000271"/>
        <testcase name="testContainsItemIfTrue" class="App\Proj\RoomTraitTest" classname="App.Proj.RoomTraitTest" file="/home/blajban/dbwebb-kurser/mvc/me/report/tests/Proj/RoomTraitTest.php" line="65" assertions="1" time="0.000457"/>
        <testcase name="testContainsItemIfFalse" class="App\Proj\RoomTraitTest" classname="App.Proj.RoomTraitTest" file="/home/blajban/dbwebb-kurser/mvc/me/report/tests/Proj/RoomTraitTest.php" line="77" assertions="1" time="0.000418"/>
      </testsuite>
    </testsuite>
  </testsuite>
</testsuites>
