<?xml version="1.0" encoding="UTF-8"?>
<testsuites>
  <testsuite name="" tests="74" assertions="112" errors="0" warnings="0" failures="0" skipped="0" time="0.088424">
    <testsuite name="Project Test Suite" tests="74" assertions="112" errors="0" warnings="0" failures="0" skipped="0" time="0.088424">
      <testsuite name="App\CardGame\BankTest" file="/home/blajban/dbwebb-kurser/mvc/me/report/tests/CardGame/BankTest.php" tests="2" assertions="3" errors="0" warnings="0" failures="0" skipped="0" time="0.007396">
        <testcase name="testWillContinueHighScore" class="App\CardGame\BankTest" classname="App.CardGame.BankTest" file="/home/blajban/dbwebb-kurser/mvc/me/report/tests/CardGame/BankTest.php" line="16" assertions="2" time="0.006840"/>
        <testcase name="testWillContinueLowScore" class="App\CardGame\BankTest" classname="App.CardGame.BankTest" file="/home/blajban/dbwebb-kurser/mvc/me/report/tests/CardGame/BankTest.php" line="31" assertions="1" time="0.000556"/>
      </testsuite>
      <testsuite name="App\CardGame\CardGameTraitTest" file="/home/blajban/dbwebb-kurser/mvc/me/report/tests/CardGame/CardGameTraitTest.php" tests="3" assertions="6" errors="0" warnings="0" failures="0" skipped="0" time="0.016846">
        <testcase name="testGetDeck" class="App\CardGame\CardGameTraitTest" classname="App.CardGame.CardGameTraitTest" file="/home/blajban/dbwebb-kurser/mvc/me/report/tests/CardGame/CardGameTraitTest.php" line="28" assertions="2" time="0.014496"/>
        <testcase name="testGetJsonDeck" class="App\CardGame\CardGameTraitTest" classname="App.CardGame.CardGameTraitTest" file="/home/blajban/dbwebb-kurser/mvc/me/report/tests/CardGame/CardGameTraitTest.php" line="45" assertions="2" time="0.001750"/>
        <testcase name="testRemainingCards" class="App\CardGame\CardGameTraitTest" classname="App.CardGame.CardGameTraitTest" file="/home/blajban/dbwebb-kurser/mvc/me/report/tests/CardGame/CardGameTraitTest.php" line="74" assertions="2" time="0.000600"/>
      </testsuite>
      <testsuite name="App\CardGame\CardHandTraitTest" file="/home/blajban/dbwebb-kurser/mvc/me/report/tests/CardGame/CardHandTraitTest.php" tests="2" assertions="3" errors="0" warnings="0" failures="0" skipped="0" time="0.001172">
        <testcase name="testAddCard" class="App\CardGame\CardHandTraitTest" classname="App.CardGame.CardHandTraitTest" file="/home/blajban/dbwebb-kurser/mvc/me/report/tests/CardGame/CardHandTraitTest.php" line="16" assertions="1" time="0.000790"/>
        <testcase name="testDiscardHand" class="App\CardGame\CardHandTraitTest" classname="App.CardGame.CardHandTraitTest" file="/home/blajban/dbwebb-kurser/mvc/me/report/tests/CardGame/CardHandTraitTest.php" line="31" assertions="2" time="0.000382"/>
      </testsuite>
      <testsuite name="App\CardGame\CardTest" file="/home/blajban/dbwebb-kurser/mvc/me/report/tests/CardGame/CardTest.php" tests="12" assertions="20" errors="0" warnings="0" failures="0" skipped="0" time="0.003351">
        <testcase name="testConstructObjectNoJoker" class="App\CardGame\CardTest" classname="App.CardGame.CardTest" file="/home/blajban/dbwebb-kurser/mvc/me/report/tests/CardGame/CardTest.php" line="17" assertions="4" time="0.000300"/>
        <testcase name="testConstructObjectJoker" class="App\CardGame\CardTest" classname="App.CardGame.CardTest" file="/home/blajban/dbwebb-kurser/mvc/me/report/tests/CardGame/CardTest.php" line="40" assertions="1" time="0.000272"/>
        <testcase name="testAsStringNoJokerNoAce" class="App\CardGame\CardTest" classname="App.CardGame.CardTest" file="/home/blajban/dbwebb-kurser/mvc/me/report/tests/CardGame/CardTest.php" line="54" assertions="1" time="0.000278"/>
        <testcase name="testAsStringAce" class="App\CardGame\CardTest" classname="App.CardGame.CardTest" file="/home/blajban/dbwebb-kurser/mvc/me/report/tests/CardGame/CardTest.php" line="73" assertions="1" time="0.000279"/>
        <testcase name="testAsStringJoker" class="App\CardGame\CardTest" classname="App.CardGame.CardTest" file="/home/blajban/dbwebb-kurser/mvc/me/report/tests/CardGame/CardTest.php" line="93" assertions="1" time="0.000274"/>
        <testcase name="testIsJoker" class="App\CardGame\CardTest" classname="App.CardGame.CardTest" file="/home/blajban/dbwebb-kurser/mvc/me/report/tests/CardGame/CardTest.php" line="112" assertions="2" time="0.000279"/>
        <testcase name="testchangeJokerColorAndValue" class="App\CardGame\CardTest" classname="App.CardGame.CardTest" file="/home/blajban/dbwebb-kurser/mvc/me/report/tests/CardGame/CardTest.php" line="131" assertions="1" time="0.000272"/>
        <testcase name="testIsAceAndChangeAceValue" class="App\CardGame\CardTest" classname="App.CardGame.CardTest" file="/home/blajban/dbwebb-kurser/mvc/me/report/tests/CardGame/CardTest.php" line="151" assertions="5" time="0.000305"/>
        <testcase name="testGetValue" class="App\CardGame\CardTest" classname="App.CardGame.CardTest" file="/home/blajban/dbwebb-kurser/mvc/me/report/tests/CardGame/CardTest.php" line="187" assertions="1" time="0.000269"/>
        <testcase name="testGetCssColorNoJoker" class="App\CardGame\CardTest" classname="App.CardGame.CardTest" file="/home/blajban/dbwebb-kurser/mvc/me/report/tests/CardGame/CardTest.php" line="204" assertions="1" time="0.000272"/>
        <testcase name="testGetCssColorJoker" class="App\CardGame\CardTest" classname="App.CardGame.CardTest" file="/home/blajban/dbwebb-kurser/mvc/me/report/tests/CardGame/CardTest.php" line="221" assertions="1" time="0.000271"/>
        <testcase name="testToArray" class="App\CardGame\CardTest" classname="App.CardGame.CardTest" file="/home/blajban/dbwebb-kurser/mvc/me/report/tests/CardGame/CardTest.php" line="238" assertions="1" time="0.000279"/>
      </testsuite>
      <testsuite name="App\CardGame\DeckTest" file="/home/blajban/dbwebb-kurser/mvc/me/report/tests/CardGame/DeckTest.php" tests="8" assertions="18" errors="0" warnings="0" failures="0" skipped="0" time="0.014942">
        <testcase name="testConstructDeck" class="App\CardGame\DeckTest" classname="App.CardGame.DeckTest" file="/home/blajban/dbwebb-kurser/mvc/me/report/tests/CardGame/DeckTest.php" line="17" assertions="2" time="0.000395"/>
        <testcase name="testGetDeck" class="App\CardGame\DeckTest" classname="App.CardGame.DeckTest" file="/home/blajban/dbwebb-kurser/mvc/me/report/tests/CardGame/DeckTest.php" line="31" assertions="2" time="0.000816"/>
        <testcase name="testSortDeck" class="App\CardGame\DeckTest" classname="App.CardGame.DeckTest" file="/home/blajban/dbwebb-kurser/mvc/me/report/tests/CardGame/DeckTest.php" line="44" assertions="4" time="0.000941"/>
        <testcase name="testIsEmpty" class="App\CardGame\DeckTest" classname="App.CardGame.DeckTest" file="/home/blajban/dbwebb-kurser/mvc/me/report/tests/CardGame/DeckTest.php" line="69" assertions="2" time="0.000542"/>
        <testcase name="testRemainingCards" class="App\CardGame\DeckTest" classname="App.CardGame.DeckTest" file="/home/blajban/dbwebb-kurser/mvc/me/report/tests/CardGame/DeckTest.php" line="88" assertions="2" time="0.000398"/>
        <testcase name="testDrawCard" class="App\CardGame\DeckTest" classname="App.CardGame.DeckTest" file="/home/blajban/dbwebb-kurser/mvc/me/report/tests/CardGame/DeckTest.php" line="109" assertions="2" time="0.000396"/>
        <testcase name="testPeek" class="App\CardGame\DeckTest" classname="App.CardGame.DeckTest" file="/home/blajban/dbwebb-kurser/mvc/me/report/tests/CardGame/DeckTest.php" line="125" assertions="3" time="0.001207"/>
        <testcase name="testShuffle" class="App\CardGame\DeckTest" classname="App.CardGame.DeckTest" file="/home/blajban/dbwebb-kurser/mvc/me/report/tests/CardGame/DeckTest.php" line="148" assertions="1" time="0.010248"/>
      </testsuite>
      <testsuite name="App\CardGame\DeckWithJokersTest" file="/home/blajban/dbwebb-kurser/mvc/me/report/tests/CardGame/DeckWithJokersTest.php" tests="1" assertions="2" errors="0" warnings="0" failures="0" skipped="0" time="0.000638">
        <testcase name="testConstructDeck" class="App\CardGame\DeckWithJokersTest" classname="App.CardGame.DeckWithJokersTest" file="/home/blajban/dbwebb-kurser/mvc/me/report/tests/CardGame/DeckWithJokersTest.php" line="16" assertions="2" time="0.000638"/>
      </testsuite>
      <testsuite name="App\CardGame\GameTest" file="/home/blajban/dbwebb-kurser/mvc/me/report/tests/CardGame/GameTest.php" tests="12" assertions="15" errors="0" warnings="0" failures="0" skipped="0" time="0.014933">
        <testcase name="testConstructGameAndGetGameState" class="App\CardGame\GameTest" classname="App.CardGame.GameTest" file="/home/blajban/dbwebb-kurser/mvc/me/report/tests/CardGame/GameTest.php" line="20" assertions="1" time="0.000436"/>
        <testcase name="testGetGameStateJson" class="App\CardGame\GameTest" classname="App.CardGame.GameTest" file="/home/blajban/dbwebb-kurser/mvc/me/report/tests/CardGame/GameTest.php" line="48" assertions="1" time="0.000495"/>
        <testcase name="testShuffle" class="App\CardGame\GameTest" classname="App.CardGame.GameTest" file="/home/blajban/dbwebb-kurser/mvc/me/report/tests/CardGame/GameTest.php" line="66" assertions="1" time="0.008374"/>
        <testcase name="testIsFull" class="App\CardGame\GameTest" classname="App.CardGame.GameTest" file="/home/blajban/dbwebb-kurser/mvc/me/report/tests/CardGame/GameTest.php" line="83" assertions="2" time="0.000461"/>
        <testcase name="testPlayerDrawException" class="App\CardGame\GameTest" classname="App.CardGame.GameTest" file="/home/blajban/dbwebb-kurser/mvc/me/report/tests/CardGame/GameTest.php" line="113" assertions="2" time="0.000637"/>
        <testcase name="testPlayerDrawsCard" class="App\CardGame\GameTest" classname="App.CardGame.GameTest" file="/home/blajban/dbwebb-kurser/mvc/me/report/tests/CardGame/GameTest.php" line="131" assertions="1" time="0.001274"/>
        <testcase name="testBankDrawException" class="App\CardGame\GameTest" classname="App.CardGame.GameTest" file="/home/blajban/dbwebb-kurser/mvc/me/report/tests/CardGame/GameTest.php" line="151" assertions="2" time="0.000640"/>
        <testcase name="testBankDrawsCard" class="App\CardGame\GameTest" classname="App.CardGame.GameTest" file="/home/blajban/dbwebb-kurser/mvc/me/report/tests/CardGame/GameTest.php" line="169" assertions="1" time="0.000709"/>
        <testcase name="testDetermineWinnerPlayerOver21" class="App\CardGame\GameTest" classname="App.CardGame.GameTest" file="/home/blajban/dbwebb-kurser/mvc/me/report/tests/CardGame/GameTest.php" line="189" assertions="1" time="0.000512"/>
        <testcase name="testDetermineWinnerPlayerLessThan21BankOver21" class="App\CardGame\GameTest" classname="App.CardGame.GameTest" file="/home/blajban/dbwebb-kurser/mvc/me/report/tests/CardGame/GameTest.php" line="214" assertions="1" time="0.000464"/>
        <testcase name="testDetermineWinnerEqualScore" class="App\CardGame\GameTest" classname="App.CardGame.GameTest" file="/home/blajban/dbwebb-kurser/mvc/me/report/tests/CardGame/GameTest.php" line="241" assertions="1" time="0.000463"/>
        <testcase name="testDetermineWinnerPlayerHighestScore" class="App\CardGame\GameTest" classname="App.CardGame.GameTest" file="/home/blajban/dbwebb-kurser/mvc/me/report/tests/CardGame/GameTest.php" line="268" assertions="1" time="0.000468"/>
      </testsuite>
      <testsuite name="App\CardGame\PlayerTest" file="/home/blajban/dbwebb-kurser/mvc/me/report/tests/CardGame/PlayerTest.php" tests="1" assertions="2" errors="0" warnings="0" failures="0" skipped="0" time="0.000283">
        <testcase name="testConstructPlayer" class="App\CardGame\PlayerTest" classname="App.CardGame.PlayerTest" file="/home/blajban/dbwebb-kurser/mvc/me/report/tests/CardGame/PlayerTest.php" line="16" assertions="2" time="0.000283"/>
      </testsuite>
      <testsuite name="App\Proj\AdventureGameTest" file="/home/blajban/dbwebb-kurser/mvc/me/report/tests/Proj/AdventureGameTest.php" tests="6" assertions="8" errors="0" warnings="0" failures="0" skipped="0" time="0.013509">
        <testcase name="testConstructionAndState" class="App\Proj\AdventureGameTest" classname="App.Proj.AdventureGameTest" file="/home/blajban/dbwebb-kurser/mvc/me/report/tests/Proj/AdventureGameTest.php" line="34" assertions="3" time="0.005354"/>
        <testcase name="testMove" class="App\Proj\AdventureGameTest" classname="App.Proj.AdventureGameTest" file="/home/blajban/dbwebb-kurser/mvc/me/report/tests/Proj/AdventureGameTest.php" line="56" assertions="1" time="0.002302"/>
        <testcase name="testTakeItem" class="App\Proj\AdventureGameTest" classname="App.Proj.AdventureGameTest" file="/home/blajban/dbwebb-kurser/mvc/me/report/tests/Proj/AdventureGameTest.php" line="76" assertions="1" time="0.002061"/>
        <testcase name="testDropItem" class="App\Proj\AdventureGameTest" classname="App.Proj.AdventureGameTest" file="/home/blajban/dbwebb-kurser/mvc/me/report/tests/Proj/AdventureGameTest.php" line="104" assertions="1" time="0.001216"/>
        <testcase name="testPlayerWins" class="App\Proj\AdventureGameTest" classname="App.Proj.AdventureGameTest" file="/home/blajban/dbwebb-kurser/mvc/me/report/tests/Proj/AdventureGameTest.php" line="132" assertions="1" time="0.001643"/>
        <testcase name="testUpdateQuests" class="App\Proj\AdventureGameTest" classname="App.Proj.AdventureGameTest" file="/home/blajban/dbwebb-kurser/mvc/me/report/tests/Proj/AdventureGameTest.php" line="154" assertions="1" time="0.000933"/>
      </testsuite>
      <testsuite name="App\Proj\ItemDistributorTest" file="/home/blajban/dbwebb-kurser/mvc/me/report/tests/Proj/ItemDistributorTest.php" tests="2" assertions="2" errors="0" warnings="0" failures="0" skipped="0" time="0.001143">
        <testcase name="testConstruction" class="App\Proj\ItemDistributorTest" classname="App.Proj.ItemDistributorTest" file="/home/blajban/dbwebb-kurser/mvc/me/report/tests/Proj/ItemDistributorTest.php" line="17" assertions="1" time="0.000474"/>
        <testcase name="testDistributeItems" class="App\Proj\ItemDistributorTest" classname="App.Proj.ItemDistributorTest" file="/home/blajban/dbwebb-kurser/mvc/me/report/tests/Proj/ItemDistributorTest.php" line="29" assertions="1" time="0.000669"/>
      </testsuite>
      <testsuite name="App\Proj\MapTest" file="/home/blajban/dbwebb-kurser/mvc/me/report/tests/Proj/MapTest.php" tests="5" assertions="5" errors="0" warnings="0" failures="0" skipped="0" time="0.004011">
        <testcase name="testConstructionAndGetRooms" class="App\Proj\MapTest" classname="App.Proj.MapTest" file="/home/blajban/dbwebb-kurser/mvc/me/report/tests/Proj/MapTest.php" line="17" assertions="1" time="0.000747"/>
        <testcase name="testGetCurrentRoom" class="App\Proj\MapTest" classname="App.Proj.MapTest" file="/home/blajban/dbwebb-kurser/mvc/me/report/tests/Proj/MapTest.php" line="29" assertions="1" time="0.000574"/>
        <testcase name="testMove" class="App\Proj\MapTest" classname="App.Proj.MapTest" file="/home/blajban/dbwebb-kurser/mvc/me/report/tests/Proj/MapTest.php" line="42" assertions="1" time="0.000849"/>
        <testcase name="testGetRooms" class="App\Proj\MapTest" classname="App.Proj.MapTest" file="/home/blajban/dbwebb-kurser/mvc/me/report/tests/Proj/MapTest.php" line="69" assertions="1" time="0.000737"/>
        <testcase name="testGetGrid" class="App\Proj\MapTest" classname="App.Proj.MapTest" file="/home/blajban/dbwebb-kurser/mvc/me/report/tests/Proj/MapTest.php" line="83" assertions="1" time="0.001105"/>
      </testsuite>
      <testsuite name="App\Proj\PlayerTest" file="/home/blajban/dbwebb-kurser/mvc/me/report/tests/Proj/PlayerTest.php" tests="4" assertions="5" errors="0" warnings="0" failures="0" skipped="0" time="0.001730">
        <testcase name="testConstructPlayer" class="App\Proj\PlayerTest" classname="App.Proj.PlayerTest" file="/home/blajban/dbwebb-kurser/mvc/me/report/tests/Proj/PlayerTest.php" line="13" assertions="2" time="0.000275"/>
        <testcase name="testAddToInventoryAndGetInventory" class="App\Proj\PlayerTest" classname="App.Proj.PlayerTest" file="/home/blajban/dbwebb-kurser/mvc/me/report/tests/Proj/PlayerTest.php" line="23" assertions="1" time="0.000440"/>
        <testcase name="testDropFromInventory" class="App\Proj\PlayerTest" classname="App.Proj.PlayerTest" file="/home/blajban/dbwebb-kurser/mvc/me/report/tests/Proj/PlayerTest.php" line="36" assertions="1" time="0.000443"/>
        <testcase name="testDropFromInentoryIfIdDontExist" class="App\Proj\PlayerTest" classname="App.Proj.PlayerTest" file="/home/blajban/dbwebb-kurser/mvc/me/report/tests/Proj/PlayerTest.php" line="50" assertions="1" time="0.000572"/>
      </testsuite>
      <testsuite name="App\Proj\QuestHandlerTest" file="/home/blajban/dbwebb-kurser/mvc/me/report/tests/Proj/QuestHandlerTest.php" tests="7" assertions="8" errors="0" warnings="0" failures="0" skipped="0" time="0.004609">
        <testcase name="testGenerateQuests" class="App\Proj\QuestHandlerTest" classname="App.Proj.QuestHandlerTest" file="/home/blajban/dbwebb-kurser/mvc/me/report/tests/Proj/QuestHandlerTest.php" line="29" assertions="1" time="0.000622"/>
        <testcase name="testGenerateQuestsException" class="App\Proj\QuestHandlerTest" classname="App.Proj.QuestHandlerTest" file="/home/blajban/dbwebb-kurser/mvc/me/report/tests/Proj/QuestHandlerTest.php" line="53" assertions="1" time="0.000510"/>
        <testcase name="testShowHintIfNotNull" class="App\Proj\QuestHandlerTest" classname="App.Proj.QuestHandlerTest" file="/home/blajban/dbwebb-kurser/mvc/me/report/tests/Proj/QuestHandlerTest.php" line="71" assertions="1" time="0.000530"/>
        <testcase name="testShowHintIfNull" class="App\Proj\QuestHandlerTest" classname="App.Proj.QuestHandlerTest" file="/home/blajban/dbwebb-kurser/mvc/me/report/tests/Proj/QuestHandlerTest.php" line="93" assertions="1" time="0.000267"/>
        <testcase name="testUpdateQuestCompletion" class="App\Proj\QuestHandlerTest" classname="App.Proj.QuestHandlerTest" file="/home/blajban/dbwebb-kurser/mvc/me/report/tests/Proj/QuestHandlerTest.php" line="102" assertions="2" time="0.001293"/>
        <testcase name="testAllQuestsCompleted" class="App\Proj\QuestHandlerTest" classname="App.Proj.QuestHandlerTest" file="/home/blajban/dbwebb-kurser/mvc/me/report/tests/Proj/QuestHandlerTest.php" line="128" assertions="1" time="0.000685"/>
        <testcase name="testAllQuestsCompletedFalse" class="App\Proj\QuestHandlerTest" classname="App.Proj.QuestHandlerTest" file="/home/blajban/dbwebb-kurser/mvc/me/report/tests/Proj/QuestHandlerTest.php" line="144" assertions="1" time="0.000703"/>
      </testsuite>
      <testsuite name="App\Proj\QuestTest" file="/home/blajban/dbwebb-kurser/mvc/me/report/tests/Proj/QuestTest.php" tests="3" assertions="9" errors="0" warnings="0" failures="0" skipped="0" time="0.001489">
        <testcase name="testConstructQuestAndGetters" class="App\Proj\QuestTest" classname="App.Proj.QuestTest" file="/home/blajban/dbwebb-kurser/mvc/me/report/tests/Proj/QuestTest.php" line="15" assertions="4" time="0.000625"/>
        <testcase name="testCompleteQuest" class="App\Proj\QuestTest" classname="App.Proj.QuestTest" file="/home/blajban/dbwebb-kurser/mvc/me/report/tests/Proj/QuestTest.php" line="39" assertions="2" time="0.000428"/>
        <testcase name="testShowHideHint" class="App\Proj\QuestTest" classname="App.Proj.QuestTest" file="/home/blajban/dbwebb-kurser/mvc/me/report/tests/Proj/QuestTest.php" line="55" assertions="3" time="0.000436"/>
      </testsuite>
      <testsuite name="App\Proj\RoomTraitTest" file="/home/blajban/dbwebb-kurser/mvc/me/report/tests/Proj/RoomTraitTest.php" tests="6" assertions="6" errors="0" warnings="0" failures="0" skipped="0" time="0.002373">
        <testcase name="testAddDoorAndGetDoors" class="App\Proj\RoomTraitTest" classname="App.Proj.RoomTraitTest" file="/home/blajban/dbwebb-kurser/mvc/me/report/tests/Proj/RoomTraitTest.php" line="15" assertions="1" time="0.000372"/>
        <testcase name="testAddItemAndGetItems" class="App\Proj\RoomTraitTest" classname="App.Proj.RoomTraitTest" file="/home/blajban/dbwebb-kurser/mvc/me/report/tests/Proj/RoomTraitTest.php" line="33" assertions="1" time="0.000438"/>
        <testcase name="testTakeItem" class="App\Proj\RoomTraitTest" classname="App.Proj.RoomTraitTest" file="/home/blajban/dbwebb-kurser/mvc/me/report/tests/Proj/RoomTraitTest.php" line="45" assertions="1" time="0.000432"/>
        <testcase name="testTakeItemIfNull" class="App\Proj\RoomTraitTest" classname="App.Proj.RoomTraitTest" file="/home/blajban/dbwebb-kurser/mvc/me/report/tests/Proj/RoomTraitTest.php" line="57" assertions="1" time="0.000267"/>
        <testcase name="testContainsItemIfTrue" class="App\Proj\RoomTraitTest" classname="App.Proj.RoomTraitTest" file="/home/blajban/dbwebb-kurser/mvc/me/report/tests/Proj/RoomTraitTest.php" line="65" assertions="1" time="0.000452"/>
        <testcase name="testContainsItemIfFalse" class="App\Proj\RoomTraitTest" classname="App.Proj.RoomTraitTest" file="/home/blajban/dbwebb-kurser/mvc/me/report/tests/Proj/RoomTraitTest.php" line="77" assertions="1" time="0.000412"/>
      </testsuite>
    </testsuite>
  </testsuite>
</testsuites>
