<?xml version="1.0" encoding="UTF-8"?>
<testsuites>
  <testsuite name="" tests="74" assertions="112" errors="0" warnings="0" failures="1" skipped="0" time="0.089564">
    <testsuite name="Project Test Suite" tests="74" assertions="112" errors="0" warnings="0" failures="1" skipped="0" time="0.089564">
      <testsuite name="App\CardGame\BankTest" file="/home/blajban/dbwebb-kurser/mvc/me/report/tests/CardGame/BankTest.php" tests="2" assertions="3" errors="0" warnings="0" failures="0" skipped="0" time="0.007249">
        <testcase name="testWillContinueHighScore" class="App\CardGame\BankTest" classname="App.CardGame.BankTest" file="/home/blajban/dbwebb-kurser/mvc/me/report/tests/CardGame/BankTest.php" line="16" assertions="2" time="0.006697"/>
        <testcase name="testWillContinueLowScore" class="App\CardGame\BankTest" classname="App.CardGame.BankTest" file="/home/blajban/dbwebb-kurser/mvc/me/report/tests/CardGame/BankTest.php" line="31" assertions="1" time="0.000552"/>
      </testsuite>
      <testsuite name="App\CardGame\CardGameTraitTest" file="/home/blajban/dbwebb-kurser/mvc/me/report/tests/CardGame/CardGameTraitTest.php" tests="3" assertions="6" errors="0" warnings="0" failures="0" skipped="0" time="0.017307">
        <testcase name="testGetDeck" class="App\CardGame\CardGameTraitTest" classname="App.CardGame.CardGameTraitTest" file="/home/blajban/dbwebb-kurser/mvc/me/report/tests/CardGame/CardGameTraitTest.php" line="28" assertions="2" time="0.014890"/>
        <testcase name="testGetJsonDeck" class="App\CardGame\CardGameTraitTest" classname="App.CardGame.CardGameTraitTest" file="/home/blajban/dbwebb-kurser/mvc/me/report/tests/CardGame/CardGameTraitTest.php" line="45" assertions="2" time="0.001817"/>
        <testcase name="testRemainingCards" class="App\CardGame\CardGameTraitTest" classname="App.CardGame.CardGameTraitTest" file="/home/blajban/dbwebb-kurser/mvc/me/report/tests/CardGame/CardGameTraitTest.php" line="74" assertions="2" time="0.000601"/>
      </testsuite>
      <testsuite name="App\CardGame\CardHandTraitTest" file="/home/blajban/dbwebb-kurser/mvc/me/report/tests/CardGame/CardHandTraitTest.php" tests="2" assertions="3" errors="0" warnings="0" failures="0" skipped="0" time="0.001192">
        <testcase name="testAddCard" class="App\CardGame\CardHandTraitTest" classname="App.CardGame.CardHandTraitTest" file="/home/blajban/dbwebb-kurser/mvc/me/report/tests/CardGame/CardHandTraitTest.php" line="16" assertions="1" time="0.000805"/>
        <testcase name="testDiscardHand" class="App\CardGame\CardHandTraitTest" classname="App.CardGame.CardHandTraitTest" file="/home/blajban/dbwebb-kurser/mvc/me/report/tests/CardGame/CardHandTraitTest.php" line="31" assertions="2" time="0.000387"/>
      </testsuite>
      <testsuite name="App\CardGame\CardTest" file="/home/blajban/dbwebb-kurser/mvc/me/report/tests/CardGame/CardTest.php" tests="12" assertions="20" errors="0" warnings="0" failures="0" skipped="0" time="0.003394">
        <testcase name="testConstructObjectNoJoker" class="App\CardGame\CardTest" classname="App.CardGame.CardTest" file="/home/blajban/dbwebb-kurser/mvc/me/report/tests/CardGame/CardTest.php" line="17" assertions="4" time="0.000299"/>
        <testcase name="testConstructObjectJoker" class="App\CardGame\CardTest" classname="App.CardGame.CardTest" file="/home/blajban/dbwebb-kurser/mvc/me/report/tests/CardGame/CardTest.php" line="40" assertions="1" time="0.000271"/>
        <testcase name="testAsStringNoJokerNoAce" class="App\CardGame\CardTest" classname="App.CardGame.CardTest" file="/home/blajban/dbwebb-kurser/mvc/me/report/tests/CardGame/CardTest.php" line="54" assertions="1" time="0.000282"/>
        <testcase name="testAsStringAce" class="App\CardGame\CardTest" classname="App.CardGame.CardTest" file="/home/blajban/dbwebb-kurser/mvc/me/report/tests/CardGame/CardTest.php" line="73" assertions="1" time="0.000285"/>
        <testcase name="testAsStringJoker" class="App\CardGame\CardTest" classname="App.CardGame.CardTest" file="/home/blajban/dbwebb-kurser/mvc/me/report/tests/CardGame/CardTest.php" line="93" assertions="1" time="0.000278"/>
        <testcase name="testIsJoker" class="App\CardGame\CardTest" classname="App.CardGame.CardTest" file="/home/blajban/dbwebb-kurser/mvc/me/report/tests/CardGame/CardTest.php" line="112" assertions="2" time="0.000281"/>
        <testcase name="testchangeJokerColorAndValue" class="App\CardGame\CardTest" classname="App.CardGame.CardTest" file="/home/blajban/dbwebb-kurser/mvc/me/report/tests/CardGame/CardTest.php" line="131" assertions="1" time="0.000275"/>
        <testcase name="testIsAceAndChangeAceValue" class="App\CardGame\CardTest" classname="App.CardGame.CardTest" file="/home/blajban/dbwebb-kurser/mvc/me/report/tests/CardGame/CardTest.php" line="151" assertions="5" time="0.000309"/>
        <testcase name="testGetValue" class="App\CardGame\CardTest" classname="App.CardGame.CardTest" file="/home/blajban/dbwebb-kurser/mvc/me/report/tests/CardGame/CardTest.php" line="187" assertions="1" time="0.000283"/>
        <testcase name="testGetCssColorNoJoker" class="App\CardGame\CardTest" classname="App.CardGame.CardTest" file="/home/blajban/dbwebb-kurser/mvc/me/report/tests/CardGame/CardTest.php" line="204" assertions="1" time="0.000276"/>
        <testcase name="testGetCssColorJoker" class="App\CardGame\CardTest" classname="App.CardGame.CardTest" file="/home/blajban/dbwebb-kurser/mvc/me/report/tests/CardGame/CardTest.php" line="221" assertions="1" time="0.000275"/>
        <testcase name="testToArray" class="App\CardGame\CardTest" classname="App.CardGame.CardTest" file="/home/blajban/dbwebb-kurser/mvc/me/report/tests/CardGame/CardTest.php" line="238" assertions="1" time="0.000280"/>
      </testsuite>
      <testsuite name="App\CardGame\DeckTest" file="/home/blajban/dbwebb-kurser/mvc/me/report/tests/CardGame/DeckTest.php" tests="8" assertions="18" errors="0" warnings="0" failures="0" skipped="0" time="0.015274">
        <testcase name="testConstructDeck" class="App\CardGame\DeckTest" classname="App.CardGame.DeckTest" file="/home/blajban/dbwebb-kurser/mvc/me/report/tests/CardGame/DeckTest.php" line="17" assertions="2" time="0.000396"/>
        <testcase name="testGetDeck" class="App\CardGame\DeckTest" classname="App.CardGame.DeckTest" file="/home/blajban/dbwebb-kurser/mvc/me/report/tests/CardGame/DeckTest.php" line="31" assertions="2" time="0.000815"/>
        <testcase name="testSortDeck" class="App\CardGame\DeckTest" classname="App.CardGame.DeckTest" file="/home/blajban/dbwebb-kurser/mvc/me/report/tests/CardGame/DeckTest.php" line="44" assertions="4" time="0.000896"/>
        <testcase name="testIsEmpty" class="App\CardGame\DeckTest" classname="App.CardGame.DeckTest" file="/home/blajban/dbwebb-kurser/mvc/me/report/tests/CardGame/DeckTest.php" line="69" assertions="2" time="0.000542"/>
        <testcase name="testRemainingCards" class="App\CardGame\DeckTest" classname="App.CardGame.DeckTest" file="/home/blajban/dbwebb-kurser/mvc/me/report/tests/CardGame/DeckTest.php" line="88" assertions="2" time="0.000403"/>
        <testcase name="testDrawCard" class="App\CardGame\DeckTest" classname="App.CardGame.DeckTest" file="/home/blajban/dbwebb-kurser/mvc/me/report/tests/CardGame/DeckTest.php" line="109" assertions="2" time="0.000400"/>
        <testcase name="testPeek" class="App\CardGame\DeckTest" classname="App.CardGame.DeckTest" file="/home/blajban/dbwebb-kurser/mvc/me/report/tests/CardGame/DeckTest.php" line="125" assertions="3" time="0.001213"/>
        <testcase name="testShuffle" class="App\CardGame\DeckTest" classname="App.CardGame.DeckTest" file="/home/blajban/dbwebb-kurser/mvc/me/report/tests/CardGame/DeckTest.php" line="148" assertions="1" time="0.010609"/>
      </testsuite>
      <testsuite name="App\CardGame\DeckWithJokersTest" file="/home/blajban/dbwebb-kurser/mvc/me/report/tests/CardGame/DeckWithJokersTest.php" tests="1" assertions="2" errors="0" warnings="0" failures="0" skipped="0" time="0.000680">
        <testcase name="testConstructDeck" class="App\CardGame\DeckWithJokersTest" classname="App.CardGame.DeckWithJokersTest" file="/home/blajban/dbwebb-kurser/mvc/me/report/tests/CardGame/DeckWithJokersTest.php" line="16" assertions="2" time="0.000680"/>
      </testsuite>
      <testsuite name="App\CardGame\GameTest" file="/home/blajban/dbwebb-kurser/mvc/me/report/tests/CardGame/GameTest.php" tests="12" assertions="15" errors="0" warnings="0" failures="0" skipped="0" time="0.015207">
        <testcase name="testConstructGameAndGetGameState" class="App\CardGame\GameTest" classname="App.CardGame.GameTest" file="/home/blajban/dbwebb-kurser/mvc/me/report/tests/CardGame/GameTest.php" line="20" assertions="1" time="0.000478"/>
        <testcase name="testGetGameStateJson" class="App\CardGame\GameTest" classname="App.CardGame.GameTest" file="/home/blajban/dbwebb-kurser/mvc/me/report/tests/CardGame/GameTest.php" line="48" assertions="1" time="0.000493"/>
        <testcase name="testShuffle" class="App\CardGame\GameTest" classname="App.CardGame.GameTest" file="/home/blajban/dbwebb-kurser/mvc/me/report/tests/CardGame/GameTest.php" line="66" assertions="1" time="0.008670"/>
        <testcase name="testIsFull" class="App\CardGame\GameTest" classname="App.CardGame.GameTest" file="/home/blajban/dbwebb-kurser/mvc/me/report/tests/CardGame/GameTest.php" line="83" assertions="2" time="0.000462"/>
        <testcase name="testPlayerDrawException" class="App\CardGame\GameTest" classname="App.CardGame.GameTest" file="/home/blajban/dbwebb-kurser/mvc/me/report/tests/CardGame/GameTest.php" line="113" assertions="2" time="0.000631"/>
        <testcase name="testPlayerDrawsCard" class="App\CardGame\GameTest" classname="App.CardGame.GameTest" file="/home/blajban/dbwebb-kurser/mvc/me/report/tests/CardGame/GameTest.php" line="131" assertions="1" time="0.001207"/>
        <testcase name="testBankDrawException" class="App\CardGame\GameTest" classname="App.CardGame.GameTest" file="/home/blajban/dbwebb-kurser/mvc/me/report/tests/CardGame/GameTest.php" line="151" assertions="2" time="0.000685"/>
        <testcase name="testBankDrawsCard" class="App\CardGame\GameTest" classname="App.CardGame.GameTest" file="/home/blajban/dbwebb-kurser/mvc/me/report/tests/CardGame/GameTest.php" line="169" assertions="1" time="0.000710"/>
        <testcase name="testDetermineWinnerPlayerOver21" class="App\CardGame\GameTest" classname="App.CardGame.GameTest" file="/home/blajban/dbwebb-kurser/mvc/me/report/tests/CardGame/GameTest.php" line="189" assertions="1" time="0.000465"/>
        <testcase name="testDetermineWinnerPlayerLessThan21BankOver21" class="App\CardGame\GameTest" classname="App.CardGame.GameTest" file="/home/blajban/dbwebb-kurser/mvc/me/report/tests/CardGame/GameTest.php" line="214" assertions="1" time="0.000473"/>
        <testcase name="testDetermineWinnerEqualScore" class="App\CardGame\GameTest" classname="App.CardGame.GameTest" file="/home/blajban/dbwebb-kurser/mvc/me/report/tests/CardGame/GameTest.php" line="241" assertions="1" time="0.000466"/>
        <testcase name="testDetermineWinnerPlayerHighestScore" class="App\CardGame\GameTest" classname="App.CardGame.GameTest" file="/home/blajban/dbwebb-kurser/mvc/me/report/tests/CardGame/GameTest.php" line="268" assertions="1" time="0.000467"/>
      </testsuite>
      <testsuite name="App\CardGame\PlayerTest" file="/home/blajban/dbwebb-kurser/mvc/me/report/tests/CardGame/PlayerTest.php" tests="1" assertions="2" errors="0" warnings="0" failures="0" skipped="0" time="0.000285">
        <testcase name="testConstructPlayer" class="App\CardGame\PlayerTest" classname="App.CardGame.PlayerTest" file="/home/blajban/dbwebb-kurser/mvc/me/report/tests/CardGame/PlayerTest.php" line="16" assertions="2" time="0.000285"/>
      </testsuite>
      <testsuite name="App\Proj\AdventureGameTest" file="/home/blajban/dbwebb-kurser/mvc/me/report/tests/Proj/AdventureGameTest.php" tests="6" assertions="8" errors="0" warnings="0" failures="0" skipped="0" time="0.013265">
        <testcase name="testConstructionAndState" class="App\Proj\AdventureGameTest" classname="App.Proj.AdventureGameTest" file="/home/blajban/dbwebb-kurser/mvc/me/report/tests/Proj/AdventureGameTest.php" line="34" assertions="3" time="0.005123"/>
        <testcase name="testMove" class="App\Proj\AdventureGameTest" classname="App.Proj.AdventureGameTest" file="/home/blajban/dbwebb-kurser/mvc/me/report/tests/Proj/AdventureGameTest.php" line="56" assertions="1" time="0.002267"/>
        <testcase name="testTakeItem" class="App\Proj\AdventureGameTest" classname="App.Proj.AdventureGameTest" file="/home/blajban/dbwebb-kurser/mvc/me/report/tests/Proj/AdventureGameTest.php" line="76" assertions="1" time="0.002094"/>
        <testcase name="testDropItem" class="App\Proj\AdventureGameTest" classname="App.Proj.AdventureGameTest" file="/home/blajban/dbwebb-kurser/mvc/me/report/tests/Proj/AdventureGameTest.php" line="104" assertions="1" time="0.001186"/>
        <testcase name="testPlayerWins" class="App\Proj\AdventureGameTest" classname="App.Proj.AdventureGameTest" file="/home/blajban/dbwebb-kurser/mvc/me/report/tests/Proj/AdventureGameTest.php" line="132" assertions="1" time="0.001674"/>
        <testcase name="testUpdateQuests" class="App\Proj\AdventureGameTest" classname="App.Proj.AdventureGameTest" file="/home/blajban/dbwebb-kurser/mvc/me/report/tests/Proj/AdventureGameTest.php" line="154" assertions="1" time="0.000922"/>
      </testsuite>
      <testsuite name="App\Proj\ItemDistributorTest" file="/home/blajban/dbwebb-kurser/mvc/me/report/tests/Proj/ItemDistributorTest.php" tests="2" assertions="2" errors="0" warnings="0" failures="0" skipped="0" time="0.001128">
        <testcase name="testConstruction" class="App\Proj\ItemDistributorTest" classname="App.Proj.ItemDistributorTest" file="/home/blajban/dbwebb-kurser/mvc/me/report/tests/Proj/ItemDistributorTest.php" line="17" assertions="1" time="0.000475"/>
        <testcase name="testDistributeItems" class="App\Proj\ItemDistributorTest" classname="App.Proj.ItemDistributorTest" file="/home/blajban/dbwebb-kurser/mvc/me/report/tests/Proj/ItemDistributorTest.php" line="29" assertions="1" time="0.000653"/>
      </testsuite>
      <testsuite name="App\Proj\MapTest" file="/home/blajban/dbwebb-kurser/mvc/me/report/tests/Proj/MapTest.php" tests="5" assertions="5" errors="0" warnings="0" failures="0" skipped="0" time="0.004050">
        <testcase name="testConstructionAndGetRooms" class="App\Proj\MapTest" classname="App.Proj.MapTest" file="/home/blajban/dbwebb-kurser/mvc/me/report/tests/Proj/MapTest.php" line="17" assertions="1" time="0.000876"/>
        <testcase name="testGetCurrentRoom" class="App\Proj\MapTest" classname="App.Proj.MapTest" file="/home/blajban/dbwebb-kurser/mvc/me/report/tests/Proj/MapTest.php" line="29" assertions="1" time="0.000582"/>
        <testcase name="testMove" class="App\Proj\MapTest" classname="App.Proj.MapTest" file="/home/blajban/dbwebb-kurser/mvc/me/report/tests/Proj/MapTest.php" line="42" assertions="1" time="0.000826"/>
        <testcase name="testGetRooms" class="App\Proj\MapTest" classname="App.Proj.MapTest" file="/home/blajban/dbwebb-kurser/mvc/me/report/tests/Proj/MapTest.php" line="69" assertions="1" time="0.000729"/>
        <testcase name="testGetGrid" class="App\Proj\MapTest" classname="App.Proj.MapTest" file="/home/blajban/dbwebb-kurser/mvc/me/report/tests/Proj/MapTest.php" line="83" assertions="1" time="0.001036"/>
      </testsuite>
      <testsuite name="App\Proj\PlayerTest" file="/home/blajban/dbwebb-kurser/mvc/me/report/tests/Proj/PlayerTest.php" tests="4" assertions="5" errors="0" warnings="0" failures="0" skipped="0" time="0.001703">
        <testcase name="testConstructPlayer" class="App\Proj\PlayerTest" classname="App.Proj.PlayerTest" file="/home/blajban/dbwebb-kurser/mvc/me/report/tests/Proj/PlayerTest.php" line="13" assertions="2" time="0.000271"/>
        <testcase name="testAddToInventoryAndGetInventory" class="App\Proj\PlayerTest" classname="App.Proj.PlayerTest" file="/home/blajban/dbwebb-kurser/mvc/me/report/tests/Proj/PlayerTest.php" line="23" assertions="1" time="0.000432"/>
        <testcase name="testDropFromInventory" class="App\Proj\PlayerTest" classname="App.Proj.PlayerTest" file="/home/blajban/dbwebb-kurser/mvc/me/report/tests/Proj/PlayerTest.php" line="36" assertions="1" time="0.000433"/>
        <testcase name="testDropFromInentoryIfIdDontExist" class="App\Proj\PlayerTest" classname="App.Proj.PlayerTest" file="/home/blajban/dbwebb-kurser/mvc/me/report/tests/Proj/PlayerTest.php" line="50" assertions="1" time="0.000567"/>
      </testsuite>
      <testsuite name="App\Proj\QuestHandlerTest" file="/home/blajban/dbwebb-kurser/mvc/me/report/tests/Proj/QuestHandlerTest.php" tests="7" assertions="8" errors="0" warnings="0" failures="1" skipped="0" time="0.005006">
        <testcase name="testGenerateQuests" class="App\Proj\QuestHandlerTest" classname="App.Proj.QuestHandlerTest" file="/home/blajban/dbwebb-kurser/mvc/me/report/tests/Proj/QuestHandlerTest.php" line="29" assertions="1" time="0.000672"/>
        <testcase name="testGenerateQuestsException" class="App\Proj\QuestHandlerTest" classname="App.Proj.QuestHandlerTest" file="/home/blajban/dbwebb-kurser/mvc/me/report/tests/Proj/QuestHandlerTest.php" line="53" assertions="1" time="0.000826">
          <failure type="PHPUnit\Framework\ExpectationFailedException">App\Proj\QuestHandlerTest::testGenerateQuestsException
Failed asserting that exception of type "Exception" is thrown.</failure>
        </testcase>
        <testcase name="testShowHintIfNotNull" class="App\Proj\QuestHandlerTest" classname="App.Proj.QuestHandlerTest" file="/home/blajban/dbwebb-kurser/mvc/me/report/tests/Proj/QuestHandlerTest.php" line="71" assertions="1" time="0.000526"/>
        <testcase name="testShowHintIfNull" class="App\Proj\QuestHandlerTest" classname="App.Proj.QuestHandlerTest" file="/home/blajban/dbwebb-kurser/mvc/me/report/tests/Proj/QuestHandlerTest.php" line="93" assertions="1" time="0.000307"/>
        <testcase name="testUpdateQuestCompletion" class="App\Proj\QuestHandlerTest" classname="App.Proj.QuestHandlerTest" file="/home/blajban/dbwebb-kurser/mvc/me/report/tests/Proj/QuestHandlerTest.php" line="102" assertions="2" time="0.001264"/>
        <testcase name="testAllQuestsCompleted" class="App\Proj\QuestHandlerTest" classname="App.Proj.QuestHandlerTest" file="/home/blajban/dbwebb-kurser/mvc/me/report/tests/Proj/QuestHandlerTest.php" line="128" assertions="1" time="0.000704"/>
        <testcase name="testAllQuestsCompletedFalse" class="App\Proj\QuestHandlerTest" classname="App.Proj.QuestHandlerTest" file="/home/blajban/dbwebb-kurser/mvc/me/report/tests/Proj/QuestHandlerTest.php" line="144" assertions="1" time="0.000707"/>
      </testsuite>
      <testsuite name="App\Proj\QuestTest" file="/home/blajban/dbwebb-kurser/mvc/me/report/tests/Proj/QuestTest.php" tests="3" assertions="9" errors="0" warnings="0" failures="0" skipped="0" time="0.001479">
        <testcase name="testConstructQuestAndGetters" class="App\Proj\QuestTest" classname="App.Proj.QuestTest" file="/home/blajban/dbwebb-kurser/mvc/me/report/tests/Proj/QuestTest.php" line="15" assertions="4" time="0.000569"/>
        <testcase name="testCompleteQuest" class="App\Proj\QuestTest" classname="App.Proj.QuestTest" file="/home/blajban/dbwebb-kurser/mvc/me/report/tests/Proj/QuestTest.php" line="39" assertions="2" time="0.000424"/>
        <testcase name="testShowHideHint" class="App\Proj\QuestTest" classname="App.Proj.QuestTest" file="/home/blajban/dbwebb-kurser/mvc/me/report/tests/Proj/QuestTest.php" line="55" assertions="3" time="0.000487"/>
      </testsuite>
      <testsuite name="App\Proj\RoomTraitTest" file="/home/blajban/dbwebb-kurser/mvc/me/report/tests/Proj/RoomTraitTest.php" tests="6" assertions="6" errors="0" warnings="0" failures="0" skipped="0" time="0.002343">
        <testcase name="testAddDoorAndGetDoors" class="App\Proj\RoomTraitTest" classname="App.Proj.RoomTraitTest" file="/home/blajban/dbwebb-kurser/mvc/me/report/tests/Proj/RoomTraitTest.php" line="15" assertions="1" time="0.000367"/>
        <testcase name="testAddItemAndGetItems" class="App\Proj\RoomTraitTest" classname="App.Proj.RoomTraitTest" file="/home/blajban/dbwebb-kurser/mvc/me/report/tests/Proj/RoomTraitTest.php" line="33" assertions="1" time="0.000432"/>
        <testcase name="testTakeItem" class="App\Proj\RoomTraitTest" classname="App.Proj.RoomTraitTest" file="/home/blajban/dbwebb-kurser/mvc/me/report/tests/Proj/RoomTraitTest.php" line="45" assertions="1" time="0.000429"/>
        <testcase name="testTakeItemIfNull" class="App\Proj\RoomTraitTest" classname="App.Proj.RoomTraitTest" file="/home/blajban/dbwebb-kurser/mvc/me/report/tests/Proj/RoomTraitTest.php" line="57" assertions="1" time="0.000264"/>
        <testcase name="testContainsItemIfTrue" class="App\Proj\RoomTraitTest" classname="App.Proj.RoomTraitTest" file="/home/blajban/dbwebb-kurser/mvc/me/report/tests/Proj/RoomTraitTest.php" line="65" assertions="1" time="0.000444"/>
        <testcase name="testContainsItemIfFalse" class="App\Proj\RoomTraitTest" classname="App.Proj.RoomTraitTest" file="/home/blajban/dbwebb-kurser/mvc/me/report/tests/Proj/RoomTraitTest.php" line="77" assertions="1" time="0.000407"/>
      </testsuite>
    </testsuite>
  </testsuite>
</testsuites>
