<?xml version="1.0" encoding="UTF-8"?>
<testsuites>
  <testsuite name="" tests="73" assertions="111" errors="0" warnings="0" failures="0" skipped="0" time="0.092699">
    <testsuite name="Project Test Suite" tests="73" assertions="111" errors="0" warnings="0" failures="0" skipped="0" time="0.092699">
      <testsuite name="App\CardGame\BankTest" file="/home/blajban/dbwebb-kurser/mvc/me/report/tests/CardGame/BankTest.php" tests="2" assertions="3" errors="0" warnings="0" failures="0" skipped="0" time="0.009077">
        <testcase name="testWillContinueHighScore" class="App\CardGame\BankTest" classname="App.CardGame.BankTest" file="/home/blajban/dbwebb-kurser/mvc/me/report/tests/CardGame/BankTest.php" line="16" assertions="2" time="0.008497"/>
        <testcase name="testWillContinueLowScore" class="App\CardGame\BankTest" classname="App.CardGame.BankTest" file="/home/blajban/dbwebb-kurser/mvc/me/report/tests/CardGame/BankTest.php" line="31" assertions="1" time="0.000580"/>
      </testsuite>
      <testsuite name="App\CardGame\CardGameTraitTest" file="/home/blajban/dbwebb-kurser/mvc/me/report/tests/CardGame/CardGameTraitTest.php" tests="3" assertions="6" errors="0" warnings="0" failures="0" skipped="0" time="0.017582">
        <testcase name="testGetDeck" class="App\CardGame\CardGameTraitTest" classname="App.CardGame.CardGameTraitTest" file="/home/blajban/dbwebb-kurser/mvc/me/report/tests/CardGame/CardGameTraitTest.php" line="28" assertions="2" time="0.015131"/>
        <testcase name="testGetJsonDeck" class="App\CardGame\CardGameTraitTest" classname="App.CardGame.CardGameTraitTest" file="/home/blajban/dbwebb-kurser/mvc/me/report/tests/CardGame/CardGameTraitTest.php" line="45" assertions="2" time="0.001852"/>
        <testcase name="testRemainingCards" class="App\CardGame\CardGameTraitTest" classname="App.CardGame.CardGameTraitTest" file="/home/blajban/dbwebb-kurser/mvc/me/report/tests/CardGame/CardGameTraitTest.php" line="74" assertions="2" time="0.000599"/>
      </testsuite>
      <testsuite name="App\CardGame\CardHandTraitTest" file="/home/blajban/dbwebb-kurser/mvc/me/report/tests/CardGame/CardHandTraitTest.php" tests="2" assertions="3" errors="0" warnings="0" failures="0" skipped="0" time="0.001192">
        <testcase name="testAddCard" class="App\CardGame\CardHandTraitTest" classname="App.CardGame.CardHandTraitTest" file="/home/blajban/dbwebb-kurser/mvc/me/report/tests/CardGame/CardHandTraitTest.php" line="16" assertions="1" time="0.000804"/>
        <testcase name="testDiscardHand" class="App\CardGame\CardHandTraitTest" classname="App.CardGame.CardHandTraitTest" file="/home/blajban/dbwebb-kurser/mvc/me/report/tests/CardGame/CardHandTraitTest.php" line="31" assertions="2" time="0.000388"/>
      </testsuite>
      <testsuite name="App\CardGame\CardTest" file="/home/blajban/dbwebb-kurser/mvc/me/report/tests/CardGame/CardTest.php" tests="12" assertions="20" errors="0" warnings="0" failures="0" skipped="0" time="0.003381">
        <testcase name="testConstructObjectNoJoker" class="App\CardGame\CardTest" classname="App.CardGame.CardTest" file="/home/blajban/dbwebb-kurser/mvc/me/report/tests/CardGame/CardTest.php" line="17" assertions="4" time="0.000298"/>
        <testcase name="testConstructObjectJoker" class="App\CardGame\CardTest" classname="App.CardGame.CardTest" file="/home/blajban/dbwebb-kurser/mvc/me/report/tests/CardGame/CardTest.php" line="40" assertions="1" time="0.000275"/>
        <testcase name="testAsStringNoJokerNoAce" class="App\CardGame\CardTest" classname="App.CardGame.CardTest" file="/home/blajban/dbwebb-kurser/mvc/me/report/tests/CardGame/CardTest.php" line="54" assertions="1" time="0.000280"/>
        <testcase name="testAsStringAce" class="App\CardGame\CardTest" classname="App.CardGame.CardTest" file="/home/blajban/dbwebb-kurser/mvc/me/report/tests/CardGame/CardTest.php" line="73" assertions="1" time="0.000283"/>
        <testcase name="testAsStringJoker" class="App\CardGame\CardTest" classname="App.CardGame.CardTest" file="/home/blajban/dbwebb-kurser/mvc/me/report/tests/CardGame/CardTest.php" line="93" assertions="1" time="0.000279"/>
        <testcase name="testIsJoker" class="App\CardGame\CardTest" classname="App.CardGame.CardTest" file="/home/blajban/dbwebb-kurser/mvc/me/report/tests/CardGame/CardTest.php" line="112" assertions="2" time="0.000281"/>
        <testcase name="testchangeJokerColorAndValue" class="App\CardGame\CardTest" classname="App.CardGame.CardTest" file="/home/blajban/dbwebb-kurser/mvc/me/report/tests/CardGame/CardTest.php" line="131" assertions="1" time="0.000275"/>
        <testcase name="testIsAceAndChangeAceValue" class="App\CardGame\CardTest" classname="App.CardGame.CardTest" file="/home/blajban/dbwebb-kurser/mvc/me/report/tests/CardGame/CardTest.php" line="151" assertions="5" time="0.000310"/>
        <testcase name="testGetValue" class="App\CardGame\CardTest" classname="App.CardGame.CardTest" file="/home/blajban/dbwebb-kurser/mvc/me/report/tests/CardGame/CardTest.php" line="187" assertions="1" time="0.000272"/>
        <testcase name="testGetCssColorNoJoker" class="App\CardGame\CardTest" classname="App.CardGame.CardTest" file="/home/blajban/dbwebb-kurser/mvc/me/report/tests/CardGame/CardTest.php" line="204" assertions="1" time="0.000273"/>
        <testcase name="testGetCssColorJoker" class="App\CardGame\CardTest" classname="App.CardGame.CardTest" file="/home/blajban/dbwebb-kurser/mvc/me/report/tests/CardGame/CardTest.php" line="221" assertions="1" time="0.000274"/>
        <testcase name="testToArray" class="App\CardGame\CardTest" classname="App.CardGame.CardTest" file="/home/blajban/dbwebb-kurser/mvc/me/report/tests/CardGame/CardTest.php" line="238" assertions="1" time="0.000281"/>
      </testsuite>
      <testsuite name="App\CardGame\DeckTest" file="/home/blajban/dbwebb-kurser/mvc/me/report/tests/CardGame/DeckTest.php" tests="8" assertions="18" errors="0" warnings="0" failures="0" skipped="0" time="0.016975">
        <testcase name="testConstructDeck" class="App\CardGame\DeckTest" classname="App.CardGame.DeckTest" file="/home/blajban/dbwebb-kurser/mvc/me/report/tests/CardGame/DeckTest.php" line="17" assertions="2" time="0.000426"/>
        <testcase name="testGetDeck" class="App\CardGame\DeckTest" classname="App.CardGame.DeckTest" file="/home/blajban/dbwebb-kurser/mvc/me/report/tests/CardGame/DeckTest.php" line="31" assertions="2" time="0.000854"/>
        <testcase name="testSortDeck" class="App\CardGame\DeckTest" classname="App.CardGame.DeckTest" file="/home/blajban/dbwebb-kurser/mvc/me/report/tests/CardGame/DeckTest.php" line="44" assertions="4" time="0.000890"/>
        <testcase name="testIsEmpty" class="App\CardGame\DeckTest" classname="App.CardGame.DeckTest" file="/home/blajban/dbwebb-kurser/mvc/me/report/tests/CardGame/DeckTest.php" line="69" assertions="2" time="0.000550"/>
        <testcase name="testRemainingCards" class="App\CardGame\DeckTest" classname="App.CardGame.DeckTest" file="/home/blajban/dbwebb-kurser/mvc/me/report/tests/CardGame/DeckTest.php" line="88" assertions="2" time="0.000464"/>
        <testcase name="testDrawCard" class="App\CardGame\DeckTest" classname="App.CardGame.DeckTest" file="/home/blajban/dbwebb-kurser/mvc/me/report/tests/CardGame/DeckTest.php" line="109" assertions="2" time="0.000400"/>
        <testcase name="testPeek" class="App\CardGame\DeckTest" classname="App.CardGame.DeckTest" file="/home/blajban/dbwebb-kurser/mvc/me/report/tests/CardGame/DeckTest.php" line="125" assertions="3" time="0.001322"/>
        <testcase name="testShuffle" class="App\CardGame\DeckTest" classname="App.CardGame.DeckTest" file="/home/blajban/dbwebb-kurser/mvc/me/report/tests/CardGame/DeckTest.php" line="148" assertions="1" time="0.012069"/>
      </testsuite>
      <testsuite name="App\CardGame\DeckWithJokersTest" file="/home/blajban/dbwebb-kurser/mvc/me/report/tests/CardGame/DeckWithJokersTest.php" tests="1" assertions="2" errors="0" warnings="0" failures="0" skipped="0" time="0.000639">
        <testcase name="testConstructDeck" class="App\CardGame\DeckWithJokersTest" classname="App.CardGame.DeckWithJokersTest" file="/home/blajban/dbwebb-kurser/mvc/me/report/tests/CardGame/DeckWithJokersTest.php" line="16" assertions="2" time="0.000639"/>
      </testsuite>
      <testsuite name="App\CardGame\GameTest" file="/home/blajban/dbwebb-kurser/mvc/me/report/tests/CardGame/GameTest.php" tests="12" assertions="15" errors="0" warnings="0" failures="0" skipped="0" time="0.015916">
        <testcase name="testConstructGameAndGetGameState" class="App\CardGame\GameTest" classname="App.CardGame.GameTest" file="/home/blajban/dbwebb-kurser/mvc/me/report/tests/CardGame/GameTest.php" line="20" assertions="1" time="0.000438"/>
        <testcase name="testGetGameStateJson" class="App\CardGame\GameTest" classname="App.CardGame.GameTest" file="/home/blajban/dbwebb-kurser/mvc/me/report/tests/CardGame/GameTest.php" line="48" assertions="1" time="0.000576"/>
        <testcase name="testShuffle" class="App\CardGame\GameTest" classname="App.CardGame.GameTest" file="/home/blajban/dbwebb-kurser/mvc/me/report/tests/CardGame/GameTest.php" line="66" assertions="1" time="0.008479"/>
        <testcase name="testIsFull" class="App\CardGame\GameTest" classname="App.CardGame.GameTest" file="/home/blajban/dbwebb-kurser/mvc/me/report/tests/CardGame/GameTest.php" line="83" assertions="2" time="0.000455"/>
        <testcase name="testPlayerDrawException" class="App\CardGame\GameTest" classname="App.CardGame.GameTest" file="/home/blajban/dbwebb-kurser/mvc/me/report/tests/CardGame/GameTest.php" line="113" assertions="2" time="0.000746"/>
        <testcase name="testPlayerDrawsCard" class="App\CardGame\GameTest" classname="App.CardGame.GameTest" file="/home/blajban/dbwebb-kurser/mvc/me/report/tests/CardGame/GameTest.php" line="131" assertions="1" time="0.001994"/>
        <testcase name="testBankDrawException" class="App\CardGame\GameTest" classname="App.CardGame.GameTest" file="/home/blajban/dbwebb-kurser/mvc/me/report/tests/CardGame/GameTest.php" line="151" assertions="2" time="0.000656"/>
        <testcase name="testBankDrawsCard" class="App\CardGame\GameTest" classname="App.CardGame.GameTest" file="/home/blajban/dbwebb-kurser/mvc/me/report/tests/CardGame/GameTest.php" line="169" assertions="1" time="0.000708"/>
        <testcase name="testDetermineWinnerPlayerOver21" class="App\CardGame\GameTest" classname="App.CardGame.GameTest" file="/home/blajban/dbwebb-kurser/mvc/me/report/tests/CardGame/GameTest.php" line="189" assertions="1" time="0.000474"/>
        <testcase name="testDetermineWinnerPlayerLessThan21BankOver21" class="App\CardGame\GameTest" classname="App.CardGame.GameTest" file="/home/blajban/dbwebb-kurser/mvc/me/report/tests/CardGame/GameTest.php" line="214" assertions="1" time="0.000463"/>
        <testcase name="testDetermineWinnerEqualScore" class="App\CardGame\GameTest" classname="App.CardGame.GameTest" file="/home/blajban/dbwebb-kurser/mvc/me/report/tests/CardGame/GameTest.php" line="241" assertions="1" time="0.000465"/>
        <testcase name="testDetermineWinnerPlayerHighestScore" class="App\CardGame\GameTest" classname="App.CardGame.GameTest" file="/home/blajban/dbwebb-kurser/mvc/me/report/tests/CardGame/GameTest.php" line="268" assertions="1" time="0.000463"/>
      </testsuite>
      <testsuite name="App\CardGame\PlayerTest" file="/home/blajban/dbwebb-kurser/mvc/me/report/tests/CardGame/PlayerTest.php" tests="1" assertions="2" errors="0" warnings="0" failures="0" skipped="0" time="0.000284">
        <testcase name="testConstructPlayer" class="App\CardGame\PlayerTest" classname="App.CardGame.PlayerTest" file="/home/blajban/dbwebb-kurser/mvc/me/report/tests/CardGame/PlayerTest.php" line="16" assertions="2" time="0.000284"/>
      </testsuite>
      <testsuite name="App\Proj\AdventureGameTest" file="/home/blajban/dbwebb-kurser/mvc/me/report/tests/Proj/AdventureGameTest.php" tests="6" assertions="8" errors="0" warnings="0" failures="0" skipped="0" time="0.011847">
        <testcase name="testConstructionAndState" class="App\Proj\AdventureGameTest" classname="App.Proj.AdventureGameTest" file="/home/blajban/dbwebb-kurser/mvc/me/report/tests/Proj/AdventureGameTest.php" line="43" assertions="3" time="0.004724"/>
        <testcase name="testMove" class="App\Proj\AdventureGameTest" classname="App.Proj.AdventureGameTest" file="/home/blajban/dbwebb-kurser/mvc/me/report/tests/Proj/AdventureGameTest.php" line="65" assertions="1" time="0.002043"/>
        <testcase name="testTakeItem" class="App\Proj\AdventureGameTest" classname="App.Proj.AdventureGameTest" file="/home/blajban/dbwebb-kurser/mvc/me/report/tests/Proj/AdventureGameTest.php" line="85" assertions="1" time="0.001840"/>
        <testcase name="testDropItem" class="App\Proj\AdventureGameTest" classname="App.Proj.AdventureGameTest" file="/home/blajban/dbwebb-kurser/mvc/me/report/tests/Proj/AdventureGameTest.php" line="113" assertions="1" time="0.001040"/>
        <testcase name="testPlayerWins" class="App\Proj\AdventureGameTest" classname="App.Proj.AdventureGameTest" file="/home/blajban/dbwebb-kurser/mvc/me/report/tests/Proj/AdventureGameTest.php" line="141" assertions="1" time="0.001462"/>
        <testcase name="testUpdateQuests" class="App\Proj\AdventureGameTest" classname="App.Proj.AdventureGameTest" file="/home/blajban/dbwebb-kurser/mvc/me/report/tests/Proj/AdventureGameTest.php" line="163" assertions="1" time="0.000738"/>
      </testsuite>
      <testsuite name="App\Proj\ItemDistributorTest" file="/home/blajban/dbwebb-kurser/mvc/me/report/tests/Proj/ItemDistributorTest.php" tests="2" assertions="2" errors="0" warnings="0" failures="0" skipped="0" time="0.001081">
        <testcase name="testConstruction" class="App\Proj\ItemDistributorTest" classname="App.Proj.ItemDistributorTest" file="/home/blajban/dbwebb-kurser/mvc/me/report/tests/Proj/ItemDistributorTest.php" line="16" assertions="1" time="0.000414"/>
        <testcase name="testDistributeItems" class="App\Proj\ItemDistributorTest" classname="App.Proj.ItemDistributorTest" file="/home/blajban/dbwebb-kurser/mvc/me/report/tests/Proj/ItemDistributorTest.php" line="28" assertions="1" time="0.000666"/>
      </testsuite>
      <testsuite name="App\Proj\MapTest" file="/home/blajban/dbwebb-kurser/mvc/me/report/tests/Proj/MapTest.php" tests="5" assertions="5" errors="0" warnings="0" failures="0" skipped="0" time="0.004184">
        <testcase name="testConstructionAndGetRooms" class="App\Proj\MapTest" classname="App.Proj.MapTest" file="/home/blajban/dbwebb-kurser/mvc/me/report/tests/Proj/MapTest.php" line="16" assertions="1" time="0.000556"/>
        <testcase name="testGetCurrentRoom" class="App\Proj\MapTest" classname="App.Proj.MapTest" file="/home/blajban/dbwebb-kurser/mvc/me/report/tests/Proj/MapTest.php" line="28" assertions="1" time="0.000412"/>
        <testcase name="testMove" class="App\Proj\MapTest" classname="App.Proj.MapTest" file="/home/blajban/dbwebb-kurser/mvc/me/report/tests/Proj/MapTest.php" line="41" assertions="1" time="0.000595"/>
        <testcase name="testGetRooms" class="App\Proj\MapTest" classname="App.Proj.MapTest" file="/home/blajban/dbwebb-kurser/mvc/me/report/tests/Proj/MapTest.php" line="69" assertions="1" time="0.000538"/>
        <testcase name="testGetGrid" class="App\Proj\MapTest" classname="App.Proj.MapTest" file="/home/blajban/dbwebb-kurser/mvc/me/report/tests/Proj/MapTest.php" line="83" assertions="1" time="0.002082"/>
      </testsuite>
      <testsuite name="App\Proj\PlayerTest" file="/home/blajban/dbwebb-kurser/mvc/me/report/tests/Proj/PlayerTest.php" tests="4" assertions="5" errors="0" warnings="0" failures="0" skipped="0" time="0.001820">
        <testcase name="testConstructPlayer" class="App\Proj\PlayerTest" classname="App.Proj.PlayerTest" file="/home/blajban/dbwebb-kurser/mvc/me/report/tests/Proj/PlayerTest.php" line="13" assertions="2" time="0.000355"/>
        <testcase name="testAddToInventoryAndGetInventory" class="App\Proj\PlayerTest" classname="App.Proj.PlayerTest" file="/home/blajban/dbwebb-kurser/mvc/me/report/tests/Proj/PlayerTest.php" line="23" assertions="1" time="0.000448"/>
        <testcase name="testDropFromInventory" class="App\Proj\PlayerTest" classname="App.Proj.PlayerTest" file="/home/blajban/dbwebb-kurser/mvc/me/report/tests/Proj/PlayerTest.php" line="36" assertions="1" time="0.000445"/>
        <testcase name="testDropFromInentoryIfIdDontExist" class="App\Proj\PlayerTest" classname="App.Proj.PlayerTest" file="/home/blajban/dbwebb-kurser/mvc/me/report/tests/Proj/PlayerTest.php" line="50" assertions="1" time="0.000572"/>
      </testsuite>
      <testsuite name="App\Proj\QuestHandlerTest" file="/home/blajban/dbwebb-kurser/mvc/me/report/tests/Proj/QuestHandlerTest.php" tests="6" assertions="7" errors="0" warnings="0" failures="0" skipped="0" time="0.004789">
        <testcase name="testGenerateQuests" class="App\Proj\QuestHandlerTest" classname="App.Proj.QuestHandlerTest" file="/home/blajban/dbwebb-kurser/mvc/me/report/tests/Proj/QuestHandlerTest.php" line="30" assertions="1" time="0.001013"/>
        <testcase name="testShowHintIfNotNull" class="App\Proj\QuestHandlerTest" classname="App.Proj.QuestHandlerTest" file="/home/blajban/dbwebb-kurser/mvc/me/report/tests/Proj/QuestHandlerTest.php" line="54" assertions="1" time="0.000914"/>
        <testcase name="testShowHintIfNull" class="App\Proj\QuestHandlerTest" classname="App.Proj.QuestHandlerTest" file="/home/blajban/dbwebb-kurser/mvc/me/report/tests/Proj/QuestHandlerTest.php" line="76" assertions="1" time="0.000270"/>
        <testcase name="testUpdateQuestCompletion" class="App\Proj\QuestHandlerTest" classname="App.Proj.QuestHandlerTest" file="/home/blajban/dbwebb-kurser/mvc/me/report/tests/Proj/QuestHandlerTest.php" line="85" assertions="2" time="0.001294"/>
        <testcase name="testAllQuestsCompleted" class="App\Proj\QuestHandlerTest" classname="App.Proj.QuestHandlerTest" file="/home/blajban/dbwebb-kurser/mvc/me/report/tests/Proj/QuestHandlerTest.php" line="111" assertions="1" time="0.000589"/>
        <testcase name="testAllQuestsCompletedFalse" class="App\Proj\QuestHandlerTest" classname="App.Proj.QuestHandlerTest" file="/home/blajban/dbwebb-kurser/mvc/me/report/tests/Proj/QuestHandlerTest.php" line="124" assertions="1" time="0.000710"/>
      </testsuite>
      <testsuite name="App\Proj\QuestTest" file="/home/blajban/dbwebb-kurser/mvc/me/report/tests/Proj/QuestTest.php" tests="3" assertions="9" errors="0" warnings="0" failures="0" skipped="0" time="0.001460">
        <testcase name="testConstructQuestAndGetters" class="App\Proj\QuestTest" classname="App.Proj.QuestTest" file="/home/blajban/dbwebb-kurser/mvc/me/report/tests/Proj/QuestTest.php" line="15" assertions="4" time="0.000596"/>
        <testcase name="testCompleteQuest" class="App\Proj\QuestTest" classname="App.Proj.QuestTest" file="/home/blajban/dbwebb-kurser/mvc/me/report/tests/Proj/QuestTest.php" line="39" assertions="2" time="0.000429"/>
        <testcase name="testShowHideHint" class="App\Proj\QuestTest" classname="App.Proj.QuestTest" file="/home/blajban/dbwebb-kurser/mvc/me/report/tests/Proj/QuestTest.php" line="55" assertions="3" time="0.000436"/>
      </testsuite>
      <testsuite name="App\Proj\RoomTraitTest" file="/home/blajban/dbwebb-kurser/mvc/me/report/tests/Proj/RoomTraitTest.php" tests="6" assertions="6" errors="0" warnings="0" failures="0" skipped="0" time="0.002474">
        <testcase name="testAddDoorAndGetDoors" class="App\Proj\RoomTraitTest" classname="App.Proj.RoomTraitTest" file="/home/blajban/dbwebb-kurser/mvc/me/report/tests/Proj/RoomTraitTest.php" line="15" assertions="1" time="0.000371"/>
        <testcase name="testAddItemAndGetItems" class="App\Proj\RoomTraitTest" classname="App.Proj.RoomTraitTest" file="/home/blajban/dbwebb-kurser/mvc/me/report/tests/Proj/RoomTraitTest.php" line="33" assertions="1" time="0.000463"/>
        <testcase name="testTakeItem" class="App\Proj\RoomTraitTest" classname="App.Proj.RoomTraitTest" file="/home/blajban/dbwebb-kurser/mvc/me/report/tests/Proj/RoomTraitTest.php" line="45" assertions="1" time="0.000493"/>
        <testcase name="testTakeItemIfNull" class="App\Proj\RoomTraitTest" classname="App.Proj.RoomTraitTest" file="/home/blajban/dbwebb-kurser/mvc/me/report/tests/Proj/RoomTraitTest.php" line="57" assertions="1" time="0.000268"/>
        <testcase name="testContainsItemIfTrue" class="App\Proj\RoomTraitTest" classname="App.Proj.RoomTraitTest" file="/home/blajban/dbwebb-kurser/mvc/me/report/tests/Proj/RoomTraitTest.php" line="65" assertions="1" time="0.000459"/>
        <testcase name="testContainsItemIfFalse" class="App\Proj\RoomTraitTest" classname="App.Proj.RoomTraitTest" file="/home/blajban/dbwebb-kurser/mvc/me/report/tests/Proj/RoomTraitTest.php" line="77" assertions="1" time="0.000419"/>
      </testsuite>
    </testsuite>
  </testsuite>
</testsuites>
