<?xml version="1.0" encoding="UTF-8"?>
<testsuites>
  <testsuite name="" tests="41" assertions="69" errors="0" warnings="0" failures="0" skipped="0" time="0.059980">
    <testsuite name="Project Test Suite" tests="41" assertions="69" errors="0" warnings="0" failures="0" skipped="0" time="0.059980">
      <testsuite name="App\CardGame\BankTest" file="/home/blajban/dbwebb-kurser/mvc/me/report/tests/CardGame/BankTest.php" tests="2" assertions="3" errors="0" warnings="0" failures="0" skipped="0" time="0.007544">
        <testcase name="testWillContinueHighScore" class="App\CardGame\BankTest" classname="App.CardGame.BankTest" file="/home/blajban/dbwebb-kurser/mvc/me/report/tests/CardGame/BankTest.php" line="16" assertions="2" time="0.006985"/>
        <testcase name="testWillContinueLowScore" class="App\CardGame\BankTest" classname="App.CardGame.BankTest" file="/home/blajban/dbwebb-kurser/mvc/me/report/tests/CardGame/BankTest.php" line="31" assertions="1" time="0.000559"/>
      </testsuite>
      <testsuite name="App\CardGame\CardGameTraitTest" file="/home/blajban/dbwebb-kurser/mvc/me/report/tests/CardGame/CardGameTraitTest.php" tests="3" assertions="6" errors="0" warnings="0" failures="0" skipped="0" time="0.016928">
        <testcase name="testGetDeck" class="App\CardGame\CardGameTraitTest" classname="App.CardGame.CardGameTraitTest" file="/home/blajban/dbwebb-kurser/mvc/me/report/tests/CardGame/CardGameTraitTest.php" line="28" assertions="2" time="0.014582"/>
        <testcase name="testGetJsonDeck" class="App\CardGame\CardGameTraitTest" classname="App.CardGame.CardGameTraitTest" file="/home/blajban/dbwebb-kurser/mvc/me/report/tests/CardGame/CardGameTraitTest.php" line="45" assertions="2" time="0.001753"/>
        <testcase name="testRemainingCards" class="App\CardGame\CardGameTraitTest" classname="App.CardGame.CardGameTraitTest" file="/home/blajban/dbwebb-kurser/mvc/me/report/tests/CardGame/CardGameTraitTest.php" line="74" assertions="2" time="0.000593"/>
      </testsuite>
      <testsuite name="App\CardGame\CardHandTraitTest" file="/home/blajban/dbwebb-kurser/mvc/me/report/tests/CardGame/CardHandTraitTest.php" tests="2" assertions="3" errors="0" warnings="0" failures="0" skipped="0" time="0.001174">
        <testcase name="testAddCard" class="App\CardGame\CardHandTraitTest" classname="App.CardGame.CardHandTraitTest" file="/home/blajban/dbwebb-kurser/mvc/me/report/tests/CardGame/CardHandTraitTest.php" line="16" assertions="1" time="0.000790"/>
        <testcase name="testDiscardHand" class="App\CardGame\CardHandTraitTest" classname="App.CardGame.CardHandTraitTest" file="/home/blajban/dbwebb-kurser/mvc/me/report/tests/CardGame/CardHandTraitTest.php" line="31" assertions="2" time="0.000384"/>
      </testsuite>
      <testsuite name="App\CardGame\CardTest" file="/home/blajban/dbwebb-kurser/mvc/me/report/tests/CardGame/CardTest.php" tests="12" assertions="20" errors="0" warnings="0" failures="0" skipped="0" time="0.003463">
        <testcase name="testConstructObjectNoJoker" class="App\CardGame\CardTest" classname="App.CardGame.CardTest" file="/home/blajban/dbwebb-kurser/mvc/me/report/tests/CardGame/CardTest.php" line="17" assertions="4" time="0.000297"/>
        <testcase name="testConstructObjectJoker" class="App\CardGame\CardTest" classname="App.CardGame.CardTest" file="/home/blajban/dbwebb-kurser/mvc/me/report/tests/CardGame/CardTest.php" line="40" assertions="1" time="0.000269"/>
        <testcase name="testAsStringNoJokerNoAce" class="App\CardGame\CardTest" classname="App.CardGame.CardTest" file="/home/blajban/dbwebb-kurser/mvc/me/report/tests/CardGame/CardTest.php" line="54" assertions="1" time="0.000278"/>
        <testcase name="testAsStringAce" class="App\CardGame\CardTest" classname="App.CardGame.CardTest" file="/home/blajban/dbwebb-kurser/mvc/me/report/tests/CardGame/CardTest.php" line="73" assertions="1" time="0.000279"/>
        <testcase name="testAsStringJoker" class="App\CardGame\CardTest" classname="App.CardGame.CardTest" file="/home/blajban/dbwebb-kurser/mvc/me/report/tests/CardGame/CardTest.php" line="93" assertions="1" time="0.000336"/>
        <testcase name="testIsJoker" class="App\CardGame\CardTest" classname="App.CardGame.CardTest" file="/home/blajban/dbwebb-kurser/mvc/me/report/tests/CardGame/CardTest.php" line="112" assertions="2" time="0.000278"/>
        <testcase name="testchangeJokerColorAndValue" class="App\CardGame\CardTest" classname="App.CardGame.CardTest" file="/home/blajban/dbwebb-kurser/mvc/me/report/tests/CardGame/CardTest.php" line="131" assertions="1" time="0.000272"/>
        <testcase name="testIsAceAndChangeAceValue" class="App\CardGame\CardTest" classname="App.CardGame.CardTest" file="/home/blajban/dbwebb-kurser/mvc/me/report/tests/CardGame/CardTest.php" line="151" assertions="5" time="0.000305"/>
        <testcase name="testGetValue" class="App\CardGame\CardTest" classname="App.CardGame.CardTest" file="/home/blajban/dbwebb-kurser/mvc/me/report/tests/CardGame/CardTest.php" line="187" assertions="1" time="0.000267"/>
        <testcase name="testGetCssColorNoJoker" class="App\CardGame\CardTest" classname="App.CardGame.CardTest" file="/home/blajban/dbwebb-kurser/mvc/me/report/tests/CardGame/CardTest.php" line="204" assertions="1" time="0.000326"/>
        <testcase name="testGetCssColorJoker" class="App\CardGame\CardTest" classname="App.CardGame.CardTest" file="/home/blajban/dbwebb-kurser/mvc/me/report/tests/CardGame/CardTest.php" line="221" assertions="1" time="0.000272"/>
        <testcase name="testToArray" class="App\CardGame\CardTest" classname="App.CardGame.CardTest" file="/home/blajban/dbwebb-kurser/mvc/me/report/tests/CardGame/CardTest.php" line="238" assertions="1" time="0.000283"/>
      </testsuite>
      <testsuite name="App\CardGame\DeckTest" file="/home/blajban/dbwebb-kurser/mvc/me/report/tests/CardGame/DeckTest.php" tests="8" assertions="18" errors="0" warnings="0" failures="0" skipped="0" time="0.014896">
        <testcase name="testConstructDeck" class="App\CardGame\DeckTest" classname="App.CardGame.DeckTest" file="/home/blajban/dbwebb-kurser/mvc/me/report/tests/CardGame/DeckTest.php" line="17" assertions="2" time="0.000393"/>
        <testcase name="testGetDeck" class="App\CardGame\DeckTest" classname="App.CardGame.DeckTest" file="/home/blajban/dbwebb-kurser/mvc/me/report/tests/CardGame/DeckTest.php" line="31" assertions="2" time="0.000881"/>
        <testcase name="testSortDeck" class="App\CardGame\DeckTest" classname="App.CardGame.DeckTest" file="/home/blajban/dbwebb-kurser/mvc/me/report/tests/CardGame/DeckTest.php" line="44" assertions="4" time="0.000885"/>
        <testcase name="testIsEmpty" class="App\CardGame\DeckTest" classname="App.CardGame.DeckTest" file="/home/blajban/dbwebb-kurser/mvc/me/report/tests/CardGame/DeckTest.php" line="69" assertions="2" time="0.000538"/>
        <testcase name="testRemainingCards" class="App\CardGame\DeckTest" classname="App.CardGame.DeckTest" file="/home/blajban/dbwebb-kurser/mvc/me/report/tests/CardGame/DeckTest.php" line="88" assertions="2" time="0.000476"/>
        <testcase name="testDrawCard" class="App\CardGame\DeckTest" classname="App.CardGame.DeckTest" file="/home/blajban/dbwebb-kurser/mvc/me/report/tests/CardGame/DeckTest.php" line="109" assertions="2" time="0.000395"/>
        <testcase name="testPeek" class="App\CardGame\DeckTest" classname="App.CardGame.DeckTest" file="/home/blajban/dbwebb-kurser/mvc/me/report/tests/CardGame/DeckTest.php" line="125" assertions="3" time="0.001196"/>
        <testcase name="testShuffle" class="App\CardGame\DeckTest" classname="App.CardGame.DeckTest" file="/home/blajban/dbwebb-kurser/mvc/me/report/tests/CardGame/DeckTest.php" line="148" assertions="1" time="0.010131"/>
      </testsuite>
      <testsuite name="App\CardGame\DeckWithJokersTest" file="/home/blajban/dbwebb-kurser/mvc/me/report/tests/CardGame/DeckWithJokersTest.php" tests="1" assertions="2" errors="0" warnings="0" failures="0" skipped="0" time="0.000629">
        <testcase name="testConstructDeck" class="App\CardGame\DeckWithJokersTest" classname="App.CardGame.DeckWithJokersTest" file="/home/blajban/dbwebb-kurser/mvc/me/report/tests/CardGame/DeckWithJokersTest.php" line="16" assertions="2" time="0.000629"/>
      </testsuite>
      <testsuite name="App\CardGame\GameTest" file="/home/blajban/dbwebb-kurser/mvc/me/report/tests/CardGame/GameTest.php" tests="12" assertions="15" errors="0" warnings="0" failures="0" skipped="0" time="0.015065">
        <testcase name="testConstructGameAndGetGameState" class="App\CardGame\GameTest" classname="App.CardGame.GameTest" file="/home/blajban/dbwebb-kurser/mvc/me/report/tests/CardGame/GameTest.php" line="20" assertions="1" time="0.000433"/>
        <testcase name="testGetGameStateJson" class="App\CardGame\GameTest" classname="App.CardGame.GameTest" file="/home/blajban/dbwebb-kurser/mvc/me/report/tests/CardGame/GameTest.php" line="48" assertions="1" time="0.000546"/>
        <testcase name="testShuffle" class="App\CardGame\GameTest" classname="App.CardGame.GameTest" file="/home/blajban/dbwebb-kurser/mvc/me/report/tests/CardGame/GameTest.php" line="66" assertions="1" time="0.008549"/>
        <testcase name="testIsFull" class="App\CardGame\GameTest" classname="App.CardGame.GameTest" file="/home/blajban/dbwebb-kurser/mvc/me/report/tests/CardGame/GameTest.php" line="83" assertions="2" time="0.000452"/>
        <testcase name="testPlayerDrawException" class="App\CardGame\GameTest" classname="App.CardGame.GameTest" file="/home/blajban/dbwebb-kurser/mvc/me/report/tests/CardGame/GameTest.php" line="113" assertions="2" time="0.000645"/>
        <testcase name="testPlayerDrawsCard" class="App\CardGame\GameTest" classname="App.CardGame.GameTest" file="/home/blajban/dbwebb-kurser/mvc/me/report/tests/CardGame/GameTest.php" line="131" assertions="1" time="0.001201"/>
        <testcase name="testBankDrawException" class="App\CardGame\GameTest" classname="App.CardGame.GameTest" file="/home/blajban/dbwebb-kurser/mvc/me/report/tests/CardGame/GameTest.php" line="151" assertions="2" time="0.000636"/>
        <testcase name="testBankDrawsCard" class="App\CardGame\GameTest" classname="App.CardGame.GameTest" file="/home/blajban/dbwebb-kurser/mvc/me/report/tests/CardGame/GameTest.php" line="169" assertions="1" time="0.000707"/>
        <testcase name="testDetermineWinnerPlayerOver21" class="App\CardGame\GameTest" classname="App.CardGame.GameTest" file="/home/blajban/dbwebb-kurser/mvc/me/report/tests/CardGame/GameTest.php" line="189" assertions="1" time="0.000463"/>
        <testcase name="testDetermineWinnerPlayerLessThan21BankOver21" class="App\CardGame\GameTest" classname="App.CardGame.GameTest" file="/home/blajban/dbwebb-kurser/mvc/me/report/tests/CardGame/GameTest.php" line="214" assertions="1" time="0.000462"/>
        <testcase name="testDetermineWinnerEqualScore" class="App\CardGame\GameTest" classname="App.CardGame.GameTest" file="/home/blajban/dbwebb-kurser/mvc/me/report/tests/CardGame/GameTest.php" line="241" assertions="1" time="0.000510"/>
        <testcase name="testDetermineWinnerPlayerHighestScore" class="App\CardGame\GameTest" classname="App.CardGame.GameTest" file="/home/blajban/dbwebb-kurser/mvc/me/report/tests/CardGame/GameTest.php" line="268" assertions="1" time="0.000459"/>
      </testsuite>
      <testsuite name="App\CardGame\PlayerTest" file="/home/blajban/dbwebb-kurser/mvc/me/report/tests/CardGame/PlayerTest.php" tests="1" assertions="2" errors="0" warnings="0" failures="0" skipped="0" time="0.000281">
        <testcase name="testConstructPlayer" class="App\CardGame\PlayerTest" classname="App.CardGame.PlayerTest" file="/home/blajban/dbwebb-kurser/mvc/me/report/tests/CardGame/PlayerTest.php" line="16" assertions="2" time="0.000281"/>
      </testsuite>
    </testsuite>
  </testsuite>
</testsuites>
